[23-Feb-2023 12:14:12:1412] [error]: 	unhandledRejection: Cannot set headers after they are sent to the client
Error [
    at ServerResponse.setHeader (_http_outgoing.js:561:11)
    at ServerResponse.header (/Users/user/Desktop/workspace/stanlab-backend/node_modules/express/lib/response.js:771:10)
    at ServerResponse.send (/Users/user/Desktop/workspace/stanlab-backend/node_modules/express/lib/response.js:170:12)
    at ServerResponse.json (/Users/user/Desktop/workspace/stanlab-backend/node_modules/express/lib/response.js:267:15)
    at ServerErrorHandler (/Users/user/Desktop/workspace/stanlab-backend/services/response/serverResponse.js:18:22)
    at getStudents (/Users/user/Desktop/workspace/stanlab-backend/controllers/teachersController.js:342:9)
    at processTicksAndRejections (internal/process/task_queues.js:95:5)
[23-Feb-2023 12:14:12:1412] [error]:    Error [ERR_HTTP_HEADERS_SENT]: Cannot set headers after they are sent to the client
[23-Feb-2023 12:14:12:1412] [error]:	    at ServerResponse.setHeader (_http_outgoing.js:561:11)
[23-Feb-2023 12:14:12:1412] [error]:	    at ServerResponse.header (/Users/user/Desktop/workspace/stanlab-backend/node_modules/express/lib/response.js:771:10)
[23-Feb-2023 12:14:12:1412] [error]:	    at ServerResponse.send (/Users/user/Desktop/workspace/stanlab-backend/node_modules/express/lib/response.js:170:12)
[23-Feb-2023 12:14:12:1412] [error]:	    at ServerResponse.json (/Users/user/Desktop/workspace/stanlab-backend/node_modules/express/lib/response.js:267:15)
[23-Feb-2023 12:14:12:1412] [error]:	    at ServerErrorHandler (/Users/user/Desktop/workspace/stanlab-backend/services/response/serverResponse.js:18:22)
[23-Feb-2023 12:14:12:1412] [error]:	    at getStudents (/Users/user/Desktop/workspace/stanlab-backend/controllers/teachersController.js:342:9)
[23-Feb-2023 12:14:12:1412] [error]:	    at processTicksAndRejections (internal/process/task_queues.js:95:5)
[23-Feb-2023 12:17:15:1715] [error]: 	uncaughtException: nteacherClassService is not defined
Referen
    at Object.<anonymous> (/Users/user/Desktop/workspace/stanlab-backend/services/teacherClass/teacherClass.service.js:11:18)
    at Module._compile (internal/modules/cjs/loader.js:1085:14)
    at Object.Module._extensions..js (internal/modules/cjs/loader.js:1114:10)
    at Module.load (internal/modules/cjs/loader.js:950:32)
    at Function.Module._load (internal/modules/cjs/loader.js:790:14)
    at Module.require (internal/modules/cjs/loader.js:974:19)
    at require (internal/modules/cjs/helpers.js:92:18)
    at Object.<anonymous> (/Users/user/Desktop/workspace/stanlab-backend/controllers/studentsController.js:20:29)
    at Module._compile (internal/modules/cjs/loader.js:1085:14)
    at Object.Module._extensions..js (internal/modules/cjs/loader.js:1114:10)
    at Module.load (internal/modules/cjs/loader.js:950:32)
    at Function.Module._load (internal/modules/cjs/loader.js:790:14)
    at Module.require (internal/modules/cjs/loader.js:974:19)
    at require (internal/modules/cjs/helpers.js:92:18)
    at Object.<anonymous> (/Users/user/Desktop/workspace/stanlab-backend/routes/students.js:8:28)
    at Module._compile (internal/modules/cjs/loader.js:1085:14)
[23-Feb-2023 12:17:15:1715] [error]:    ReferenceError: nteacherClassService is not defined
[23-Feb-2023 12:17:15:1715] [error]:	    at Object.<anonymous> (/Users/user/Desktop/workspace/stanlab-backend/services/teacherClass/teacherClass.service.js:11:18)
[23-Feb-2023 12:17:15:1715] [error]:	    at Module._compile (internal/modules/cjs/loader.js:1085:14)
[23-Feb-2023 12:17:15:1715] [error]:	    at Object.Module._extensions..js (internal/modules/cjs/loader.js:1114:10)
[23-Feb-2023 12:17:15:1715] [error]:	    at Module.load (internal/modules/cjs/loader.js:950:32)
[23-Feb-2023 12:17:15:1715] [error]:	    at Function.Module._load (internal/modules/cjs/loader.js:790:14)
[23-Feb-2023 12:17:15:1715] [error]:	    at Module.require (internal/modules/cjs/loader.js:974:19)
[23-Feb-2023 12:17:15:1715] [error]:	    at require (internal/modules/cjs/helpers.js:92:18)
[23-Feb-2023 12:17:15:1715] [error]:	    at Object.<anonymous> (/Users/user/Desktop/workspace/stanlab-backend/controllers/studentsController.js:20:29)
[23-Feb-2023 12:17:15:1715] [error]:	    at Module._compile (internal/modules/cjs/loader.js:1085:14)
[23-Feb-2023 12:17:15:1715] [error]:	    at Object.Module._extensions..js (internal/modules/cjs/loader.js:1114:10)
[23-Feb-2023 12:17:15:1715] [error]:	    at Module.load (internal/modules/cjs/loader.js:950:32)
[23-Feb-2023 12:17:15:1715] [error]:	    at Function.Module._load (internal/modules/cjs/loader.js:790:14)
[23-Feb-2023 12:17:15:1715] [error]:	    at Module.require (internal/modules/cjs/loader.js:974:19)
[23-Feb-2023 12:17:15:1715] [error]:	    at require (internal/modules/cjs/helpers.js:92:18)
[23-Feb-2023 12:17:15:1715] [error]:	    at Object.<anonymous> (/Users/user/Desktop/workspace/stanlab-backend/routes/students.js:8:28)
[23-Feb-2023 12:17:15:1715] [error]:	    at Module._compile (internal/modules/cjs/loader.js:1085:14)
[23-Feb-2023 12:41:23:4123] [error]: 	uncaughtException: addStudentToClass is not defined
Referen
    at Object.<anonymous> (/Users/user/Desktop/workspace/stanlab-backend/controllers/teachersController.js:325:5)
    at Module._compile (internal/modules/cjs/loader.js:1085:14)
    at Object.Module._extensions..js (internal/modules/cjs/loader.js:1114:10)
    at Module.load (internal/modules/cjs/loader.js:950:32)
    at Function.Module._load (internal/modules/cjs/loader.js:790:14)
    at Module.require (internal/modules/cjs/loader.js:974:19)
    at require (internal/modules/cjs/helpers.js:92:18)
    at Object.<anonymous> (/Users/user/Desktop/workspace/stanlab-backend/routes/teachers.js:10:28)
    at Module._compile (internal/modules/cjs/loader.js:1085:14)
    at Object.Module._extensions..js (internal/modules/cjs/loader.js:1114:10)
    at Module.load (internal/modules/cjs/loader.js:950:32)
    at Function.Module._load (internal/modules/cjs/loader.js:790:14)
    at Module.require (internal/modules/cjs/loader.js:974:19)
    at require (internal/modules/cjs/helpers.js:92:18)
    at Object.<anonymous> (/Users/user/Desktop/workspace/stanlab-backend/app.js:9:23)
    at Module._compile (internal/modules/cjs/loader.js:1085:14)
[23-Feb-2023 12:41:23:4123] [error]:    ReferenceError: addStudentToClass is not defined
[23-Feb-2023 12:41:23:4123] [error]:	    at Object.<anonymous> (/Users/user/Desktop/workspace/stanlab-backend/controllers/teachersController.js:325:5)
[23-Feb-2023 12:41:23:4123] [error]:	    at Module._compile (internal/modules/cjs/loader.js:1085:14)
[23-Feb-2023 12:41:23:4123] [error]:	    at Object.Module._extensions..js (internal/modules/cjs/loader.js:1114:10)
[23-Feb-2023 12:41:23:4123] [error]:	    at Module.load (internal/modules/cjs/loader.js:950:32)
[23-Feb-2023 12:41:23:4123] [error]:	    at Function.Module._load (internal/modules/cjs/loader.js:790:14)
[23-Feb-2023 12:41:23:4123] [error]:	    at Module.require (internal/modules/cjs/loader.js:974:19)
[23-Feb-2023 12:41:23:4123] [error]:	    at require (internal/modules/cjs/helpers.js:92:18)
[23-Feb-2023 12:41:23:4123] [error]:	    at Object.<anonymous> (/Users/user/Desktop/workspace/stanlab-backend/routes/teachers.js:10:28)
[23-Feb-2023 12:41:23:4123] [error]:	    at Module._compile (internal/modules/cjs/loader.js:1085:14)
[23-Feb-2023 12:41:23:4123] [error]:	    at Object.Module._extensions..js (internal/modules/cjs/loader.js:1114:10)
[23-Feb-2023 12:41:23:4123] [error]:	    at Module.load (internal/modules/cjs/loader.js:950:32)
[23-Feb-2023 12:41:23:4123] [error]:	    at Function.Module._load (internal/modules/cjs/loader.js:790:14)
[23-Feb-2023 12:41:23:4123] [error]:	    at Module.require (internal/modules/cjs/loader.js:974:19)
[23-Feb-2023 12:41:23:4123] [error]:	    at require (internal/modules/cjs/helpers.js:92:18)
[23-Feb-2023 12:41:23:4123] [error]:	    at Object.<anonymous> (/Users/user/Desktop/workspace/stanlab-backend/app.js:9:23)
[23-Feb-2023 12:41:23:4123] [error]:	    at Module._compile (internal/modules/cjs/loader.js:1085:14)
[23-Feb-2023 12:42:39:4239] [error]: 	uncaughtException: addStudentToClass is not defined
Referen
    at Object.<anonymous> (/Users/user/Desktop/workspace/stanlab-backend/controllers/teachersController.js:325:5)
    at Module._compile (internal/modules/cjs/loader.js:1085:14)
    at Object.Module._extensions..js (internal/modules/cjs/loader.js:1114:10)
    at Module.load (internal/modules/cjs/loader.js:950:32)
    at Function.Module._load (internal/modules/cjs/loader.js:790:14)
    at Module.require (internal/modules/cjs/loader.js:974:19)
    at require (internal/modules/cjs/helpers.js:92:18)
    at Object.<anonymous> (/Users/user/Desktop/workspace/stanlab-backend/routes/teachers.js:10:28)
    at Module._compile (internal/modules/cjs/loader.js:1085:14)
    at Object.Module._extensions..js (internal/modules/cjs/loader.js:1114:10)
    at Module.load (internal/modules/cjs/loader.js:950:32)
    at Function.Module._load (internal/modules/cjs/loader.js:790:14)
    at Module.require (internal/modules/cjs/loader.js:974:19)
    at require (internal/modules/cjs/helpers.js:92:18)
    at Object.<anonymous> (/Users/user/Desktop/workspace/stanlab-backend/app.js:9:23)
    at Module._compile (internal/modules/cjs/loader.js:1085:14)
[23-Feb-2023 12:42:39:4239] [error]:    ReferenceError: addStudentToClass is not defined
[23-Feb-2023 12:42:39:4239] [error]:	    at Object.<anonymous> (/Users/user/Desktop/workspace/stanlab-backend/controllers/teachersController.js:325:5)
[23-Feb-2023 12:42:39:4239] [error]:	    at Module._compile (internal/modules/cjs/loader.js:1085:14)
[23-Feb-2023 12:42:39:4239] [error]:	    at Object.Module._extensions..js (internal/modules/cjs/loader.js:1114:10)
[23-Feb-2023 12:42:39:4239] [error]:	    at Module.load (internal/modules/cjs/loader.js:950:32)
[23-Feb-2023 12:42:39:4239] [error]:	    at Function.Module._load (internal/modules/cjs/loader.js:790:14)
[23-Feb-2023 12:42:39:4239] [error]:	    at Module.require (internal/modules/cjs/loader.js:974:19)
[23-Feb-2023 12:42:39:4239] [error]:	    at require (internal/modules/cjs/helpers.js:92:18)
[23-Feb-2023 12:42:39:4239] [error]:	    at Object.<anonymous> (/Users/user/Desktop/workspace/stanlab-backend/routes/teachers.js:10:28)
[23-Feb-2023 12:42:39:4239] [error]:	    at Module._compile (internal/modules/cjs/loader.js:1085:14)
[23-Feb-2023 12:42:39:4239] [error]:	    at Object.Module._extensions..js (internal/modules/cjs/loader.js:1114:10)
[23-Feb-2023 12:42:39:4239] [error]:	    at Module.load (internal/modules/cjs/loader.js:950:32)
[23-Feb-2023 12:42:39:4239] [error]:	    at Function.Module._load (internal/modules/cjs/loader.js:790:14)
[23-Feb-2023 12:42:39:4239] [error]:	    at Module.require (internal/modules/cjs/loader.js:974:19)
[23-Feb-2023 12:42:39:4239] [error]:	    at require (internal/modules/cjs/helpers.js:92:18)
[23-Feb-2023 12:42:39:4239] [error]:	    at Object.<anonymous> (/Users/user/Desktop/workspace/stanlab-backend/app.js:9:23)
[23-Feb-2023 12:42:39:4239] [error]:	    at Module._compile (internal/modules/cjs/loader.js:1085:14)
[23-Feb-2023 12:44:19:4419] [error]: 	uncaughtException: addStudentToClass is not defined
Referen
    at Object.<anonymous> (/Users/user/Desktop/workspace/stanlab-backend/controllers/teachersController.js:325:5)
    at Module._compile (internal/modules/cjs/loader.js:1085:14)
    at Object.Module._extensions..js (internal/modules/cjs/loader.js:1114:10)
    at Module.load (internal/modules/cjs/loader.js:950:32)
    at Function.Module._load (internal/modules/cjs/loader.js:790:14)
    at Module.require (internal/modules/cjs/loader.js:974:19)
    at require (internal/modules/cjs/helpers.js:92:18)
    at Object.<anonymous> (/Users/user/Desktop/workspace/stanlab-backend/routes/teachers.js:10:28)
    at Module._compile (internal/modules/cjs/loader.js:1085:14)
    at Object.Module._extensions..js (internal/modules/cjs/loader.js:1114:10)
    at Module.load (internal/modules/cjs/loader.js:950:32)
    at Function.Module._load (internal/modules/cjs/loader.js:790:14)
    at Module.require (internal/modules/cjs/loader.js:974:19)
    at require (internal/modules/cjs/helpers.js:92:18)
    at Object.<anonymous> (/Users/user/Desktop/workspace/stanlab-backend/app.js:9:23)
    at Module._compile (internal/modules/cjs/loader.js:1085:14)
[23-Feb-2023 12:44:19:4419] [error]:    ReferenceError: addStudentToClass is not defined
[23-Feb-2023 12:44:19:4419] [error]:	    at Object.<anonymous> (/Users/user/Desktop/workspace/stanlab-backend/controllers/teachersController.js:325:5)
[23-Feb-2023 12:44:19:4419] [error]:	    at Module._compile (internal/modules/cjs/loader.js:1085:14)
[23-Feb-2023 12:44:19:4419] [error]:	    at Object.Module._extensions..js (internal/modules/cjs/loader.js:1114:10)
[23-Feb-2023 12:44:19:4419] [error]:	    at Module.load (internal/modules/cjs/loader.js:950:32)
[23-Feb-2023 12:44:19:4419] [error]:	    at Function.Module._load (internal/modules/cjs/loader.js:790:14)
[23-Feb-2023 12:44:19:4419] [error]:	    at Module.require (internal/modules/cjs/loader.js:974:19)
[23-Feb-2023 12:44:19:4419] [error]:	    at require (internal/modules/cjs/helpers.js:92:18)
[23-Feb-2023 12:44:19:4419] [error]:	    at Object.<anonymous> (/Users/user/Desktop/workspace/stanlab-backend/routes/teachers.js:10:28)
[23-Feb-2023 12:44:19:4419] [error]:	    at Module._compile (internal/modules/cjs/loader.js:1085:14)
[23-Feb-2023 12:44:19:4419] [error]:	    at Object.Module._extensions..js (internal/modules/cjs/loader.js:1114:10)
[23-Feb-2023 12:44:19:4419] [error]:	    at Module.load (internal/modules/cjs/loader.js:950:32)
[23-Feb-2023 12:44:19:4419] [error]:	    at Function.Module._load (internal/modules/cjs/loader.js:790:14)
[23-Feb-2023 12:44:19:4419] [error]:	    at Module.require (internal/modules/cjs/loader.js:974:19)
[23-Feb-2023 12:44:19:4419] [error]:	    at require (internal/modules/cjs/helpers.js:92:18)
[23-Feb-2023 12:44:19:4419] [error]:	    at Object.<anonymous> (/Users/user/Desktop/workspace/stanlab-backend/app.js:9:23)
[23-Feb-2023 12:44:19:4419] [error]:	    at Module._compile (internal/modules/cjs/loader.js:1085:14)
[23-Feb-2023 12:46:03:463] [error]: 	uncaughtException: addStudentToClass is not defined
Referen
    at Object.<anonymous> (/Users/user/Desktop/workspace/stanlab-backend/controllers/teachersController.js:325:5)
    at Module._compile (internal/modules/cjs/loader.js:1085:14)
    at Object.Module._extensions..js (internal/modules/cjs/loader.js:1114:10)
    at Module.load (internal/modules/cjs/loader.js:950:32)
    at Function.Module._load (internal/modules/cjs/loader.js:790:14)
    at Module.require (internal/modules/cjs/loader.js:974:19)
    at require (internal/modules/cjs/helpers.js:92:18)
    at Object.<anonymous> (/Users/user/Desktop/workspace/stanlab-backend/routes/teachers.js:10:28)
    at Module._compile (internal/modules/cjs/loader.js:1085:14)
    at Object.Module._extensions..js (internal/modules/cjs/loader.js:1114:10)
    at Module.load (internal/modules/cjs/loader.js:950:32)
    at Function.Module._load (internal/modules/cjs/loader.js:790:14)
    at Module.require (internal/modules/cjs/loader.js:974:19)
    at require (internal/modules/cjs/helpers.js:92:18)
    at Object.<anonymous> (/Users/user/Desktop/workspace/stanlab-backend/app.js:9:23)
    at Module._compile (internal/modules/cjs/loader.js:1085:14)
[23-Feb-2023 12:46:03:463] [error]:    ReferenceError: addStudentToClass is not defined
[23-Feb-2023 12:46:03:463] [error]:	    at Object.<anonymous> (/Users/user/Desktop/workspace/stanlab-backend/controllers/teachersController.js:325:5)
[23-Feb-2023 12:46:03:463] [error]:	    at Module._compile (internal/modules/cjs/loader.js:1085:14)
[23-Feb-2023 12:46:03:463] [error]:	    at Object.Module._extensions..js (internal/modules/cjs/loader.js:1114:10)
[23-Feb-2023 12:46:03:463] [error]:	    at Module.load (internal/modules/cjs/loader.js:950:32)
[23-Feb-2023 12:46:03:463] [error]:	    at Function.Module._load (internal/modules/cjs/loader.js:790:14)
[23-Feb-2023 12:46:03:463] [error]:	    at Module.require (internal/modules/cjs/loader.js:974:19)
[23-Feb-2023 12:46:03:463] [error]:	    at require (internal/modules/cjs/helpers.js:92:18)
[23-Feb-2023 12:46:03:463] [error]:	    at Object.<anonymous> (/Users/user/Desktop/workspace/stanlab-backend/routes/teachers.js:10:28)
[23-Feb-2023 12:46:03:463] [error]:	    at Module._compile (internal/modules/cjs/loader.js:1085:14)
[23-Feb-2023 12:46:03:463] [error]:	    at Object.Module._extensions..js (internal/modules/cjs/loader.js:1114:10)
[23-Feb-2023 12:46:03:463] [error]:	    at Module.load (internal/modules/cjs/loader.js:950:32)
[23-Feb-2023 12:46:03:463] [error]:	    at Function.Module._load (internal/modules/cjs/loader.js:790:14)
[23-Feb-2023 12:46:03:463] [error]:	    at Module.require (internal/modules/cjs/loader.js:974:19)
[23-Feb-2023 12:46:03:463] [error]:	    at require (internal/modules/cjs/helpers.js:92:18)
[23-Feb-2023 12:46:03:463] [error]:	    at Object.<anonymous> (/Users/user/Desktop/workspace/stanlab-backend/app.js:9:23)
[23-Feb-2023 12:46:03:463] [error]:	    at Module._compile (internal/modules/cjs/loader.js:1085:14)
[23-Feb-2023 14:16:57:1657] [error]: 	uncaughtException: addStudentToClass is not defined
Referen
    at Object.<anonymous> (/Users/user/Desktop/workspace/stanlab-backend/controllers/teachersController.js:325:5)
    at Module._compile (internal/modules/cjs/loader.js:1085:14)
    at Object.Module._extensions..js (internal/modules/cjs/loader.js:1114:10)
    at Module.load (internal/modules/cjs/loader.js:950:32)
    at Function.Module._load (internal/modules/cjs/loader.js:790:14)
    at Module.require (internal/modules/cjs/loader.js:974:19)
    at require (internal/modules/cjs/helpers.js:92:18)
    at Object.<anonymous> (/Users/user/Desktop/workspace/stanlab-backend/routes/teachers.js:10:28)
    at Module._compile (internal/modules/cjs/loader.js:1085:14)
    at Object.Module._extensions..js (internal/modules/cjs/loader.js:1114:10)
    at Module.load (internal/modules/cjs/loader.js:950:32)
    at Function.Module._load (internal/modules/cjs/loader.js:790:14)
    at Module.require (internal/modules/cjs/loader.js:974:19)
    at require (internal/modules/cjs/helpers.js:92:18)
    at Object.<anonymous> (/Users/user/Desktop/workspace/stanlab-backend/app.js:9:23)
    at Module._compile (internal/modules/cjs/loader.js:1085:14)
[23-Feb-2023 14:16:57:1657] [error]:    ReferenceError: addStudentToClass is not defined
[23-Feb-2023 14:16:57:1657] [error]:	    at Object.<anonymous> (/Users/user/Desktop/workspace/stanlab-backend/controllers/teachersController.js:325:5)
[23-Feb-2023 14:16:57:1657] [error]:	    at Module._compile (internal/modules/cjs/loader.js:1085:14)
[23-Feb-2023 14:16:57:1657] [error]:	    at Object.Module._extensions..js (internal/modules/cjs/loader.js:1114:10)
[23-Feb-2023 14:16:57:1657] [error]:	    at Module.load (internal/modules/cjs/loader.js:950:32)
[23-Feb-2023 14:16:57:1657] [error]:	    at Function.Module._load (internal/modules/cjs/loader.js:790:14)
[23-Feb-2023 14:16:57:1657] [error]:	    at Module.require (internal/modules/cjs/loader.js:974:19)
[23-Feb-2023 14:16:57:1657] [error]:	    at require (internal/modules/cjs/helpers.js:92:18)
[23-Feb-2023 14:16:57:1657] [error]:	    at Object.<anonymous> (/Users/user/Desktop/workspace/stanlab-backend/routes/teachers.js:10:28)
[23-Feb-2023 14:16:57:1657] [error]:	    at Module._compile (internal/modules/cjs/loader.js:1085:14)
[23-Feb-2023 14:16:57:1657] [error]:	    at Object.Module._extensions..js (internal/modules/cjs/loader.js:1114:10)
[23-Feb-2023 14:16:57:1657] [error]:	    at Module.load (internal/modules/cjs/loader.js:950:32)
[23-Feb-2023 14:16:57:1657] [error]:	    at Function.Module._load (internal/modules/cjs/loader.js:790:14)
[23-Feb-2023 14:16:57:1657] [error]:	    at Module.require (internal/modules/cjs/loader.js:974:19)
[23-Feb-2023 14:16:57:1657] [error]:	    at require (internal/modules/cjs/helpers.js:92:18)
[23-Feb-2023 14:16:57:1657] [error]:	    at Object.<anonymous> (/Users/user/Desktop/workspace/stanlab-backend/app.js:9:23)
[23-Feb-2023 14:16:57:1657] [error]:	    at Module._compile (internal/modules/cjs/loader.js:1085:14)
[23-Feb-2023 14:17:09:179] [error]: 	uncaughtException: addStudentToClass is not defined
Referen
    at Object.<anonymous> (/Users/user/Desktop/workspace/stanlab-backend/controllers/teachersController.js:325:5)
    at Module._compile (internal/modules/cjs/loader.js:1085:14)
    at Object.Module._extensions..js (internal/modules/cjs/loader.js:1114:10)
    at Module.load (internal/modules/cjs/loader.js:950:32)
    at Function.Module._load (internal/modules/cjs/loader.js:790:14)
    at Module.require (internal/modules/cjs/loader.js:974:19)
    at require (internal/modules/cjs/helpers.js:92:18)
    at Object.<anonymous> (/Users/user/Desktop/workspace/stanlab-backend/routes/teachers.js:10:28)
    at Module._compile (internal/modules/cjs/loader.js:1085:14)
    at Object.Module._extensions..js (internal/modules/cjs/loader.js:1114:10)
    at Module.load (internal/modules/cjs/loader.js:950:32)
    at Function.Module._load (internal/modules/cjs/loader.js:790:14)
    at Module.require (internal/modules/cjs/loader.js:974:19)
    at require (internal/modules/cjs/helpers.js:92:18)
    at Object.<anonymous> (/Users/user/Desktop/workspace/stanlab-backend/app.js:9:23)
    at Module._compile (internal/modules/cjs/loader.js:1085:14)
[23-Feb-2023 14:17:09:179] [error]:    ReferenceError: addStudentToClass is not defined
[23-Feb-2023 14:17:09:179] [error]:	    at Object.<anonymous> (/Users/user/Desktop/workspace/stanlab-backend/controllers/teachersController.js:325:5)
[23-Feb-2023 14:17:09:179] [error]:	    at Module._compile (internal/modules/cjs/loader.js:1085:14)
[23-Feb-2023 14:17:09:179] [error]:	    at Object.Module._extensions..js (internal/modules/cjs/loader.js:1114:10)
[23-Feb-2023 14:17:09:179] [error]:	    at Module.load (internal/modules/cjs/loader.js:950:32)
[23-Feb-2023 14:17:09:179] [error]:	    at Function.Module._load (internal/modules/cjs/loader.js:790:14)
[23-Feb-2023 14:17:09:179] [error]:	    at Module.require (internal/modules/cjs/loader.js:974:19)
[23-Feb-2023 14:17:09:179] [error]:	    at require (internal/modules/cjs/helpers.js:92:18)
[23-Feb-2023 14:17:09:179] [error]:	    at Object.<anonymous> (/Users/user/Desktop/workspace/stanlab-backend/routes/teachers.js:10:28)
[23-Feb-2023 14:17:09:179] [error]:	    at Module._compile (internal/modules/cjs/loader.js:1085:14)
[23-Feb-2023 14:17:09:179] [error]:	    at Object.Module._extensions..js (internal/modules/cjs/loader.js:1114:10)
[23-Feb-2023 14:17:09:179] [error]:	    at Module.load (internal/modules/cjs/loader.js:950:32)
[23-Feb-2023 14:17:09:179] [error]:	    at Function.Module._load (internal/modules/cjs/loader.js:790:14)
[23-Feb-2023 14:17:09:179] [error]:	    at Module.require (internal/modules/cjs/loader.js:974:19)
[23-Feb-2023 14:17:09:179] [error]:	    at require (internal/modules/cjs/helpers.js:92:18)
[23-Feb-2023 14:17:09:179] [error]:	    at Object.<anonymous> (/Users/user/Desktop/workspace/stanlab-backend/app.js:9:23)
[23-Feb-2023 14:17:09:179] [error]:	    at Module._compile (internal/modules/cjs/loader.js:1085:14)
[23-Feb-2023 14:17:15:1715] [error]: 	uncaughtException: addStudentToClass is not defined
Referen
    at Object.<anonymous> (/Users/user/Desktop/workspace/stanlab-backend/controllers/teachersController.js:325:5)
    at Module._compile (internal/modules/cjs/loader.js:1085:14)
    at Object.Module._extensions..js (internal/modules/cjs/loader.js:1114:10)
    at Module.load (internal/modules/cjs/loader.js:950:32)
    at Function.Module._load (internal/modules/cjs/loader.js:790:14)
    at Module.require (internal/modules/cjs/loader.js:974:19)
    at require (internal/modules/cjs/helpers.js:92:18)
    at Object.<anonymous> (/Users/user/Desktop/workspace/stanlab-backend/routes/teachers.js:10:28)
    at Module._compile (internal/modules/cjs/loader.js:1085:14)
    at Object.Module._extensions..js (internal/modules/cjs/loader.js:1114:10)
    at Module.load (internal/modules/cjs/loader.js:950:32)
    at Function.Module._load (internal/modules/cjs/loader.js:790:14)
    at Module.require (internal/modules/cjs/loader.js:974:19)
    at require (internal/modules/cjs/helpers.js:92:18)
    at Object.<anonymous> (/Users/user/Desktop/workspace/stanlab-backend/app.js:9:23)
    at Module._compile (internal/modules/cjs/loader.js:1085:14)
[23-Feb-2023 14:17:15:1715] [error]:    ReferenceError: addStudentToClass is not defined
[23-Feb-2023 14:17:15:1715] [error]:	    at Object.<anonymous> (/Users/user/Desktop/workspace/stanlab-backend/controllers/teachersController.js:325:5)
[23-Feb-2023 14:17:15:1715] [error]:	    at Module._compile (internal/modules/cjs/loader.js:1085:14)
[23-Feb-2023 14:17:15:1715] [error]:	    at Object.Module._extensions..js (internal/modules/cjs/loader.js:1114:10)
[23-Feb-2023 14:17:15:1715] [error]:	    at Module.load (internal/modules/cjs/loader.js:950:32)
[23-Feb-2023 14:17:15:1715] [error]:	    at Function.Module._load (internal/modules/cjs/loader.js:790:14)
[23-Feb-2023 14:17:15:1715] [error]:	    at Module.require (internal/modules/cjs/loader.js:974:19)
[23-Feb-2023 14:17:15:1715] [error]:	    at require (internal/modules/cjs/helpers.js:92:18)
[23-Feb-2023 14:17:15:1715] [error]:	    at Object.<anonymous> (/Users/user/Desktop/workspace/stanlab-backend/routes/teachers.js:10:28)
[23-Feb-2023 14:17:15:1715] [error]:	    at Module._compile (internal/modules/cjs/loader.js:1085:14)
[23-Feb-2023 14:17:15:1715] [error]:	    at Object.Module._extensions..js (internal/modules/cjs/loader.js:1114:10)
[23-Feb-2023 14:17:15:1715] [error]:	    at Module.load (internal/modules/cjs/loader.js:950:32)
[23-Feb-2023 14:17:15:1715] [error]:	    at Function.Module._load (internal/modules/cjs/loader.js:790:14)
[23-Feb-2023 14:17:15:1715] [error]:	    at Module.require (internal/modules/cjs/loader.js:974:19)
[23-Feb-2023 14:17:15:1715] [error]:	    at require (internal/modules/cjs/helpers.js:92:18)
[23-Feb-2023 14:17:15:1715] [error]:	    at Object.<anonymous> (/Users/user/Desktop/workspace/stanlab-backend/app.js:9:23)
[23-Feb-2023 14:17:15:1715] [error]:	    at Module._compile (internal/modules/cjs/loader.js:1085:14)
[23-Feb-2023 14:17:25:1725] [error]: 	uncaughtException: addStudentToClass is not defined
Referen
    at Object.<anonymous> (/Users/user/Desktop/workspace/stanlab-backend/controllers/teachersController.js:325:5)
    at Module._compile (internal/modules/cjs/loader.js:1085:14)
    at Object.Module._extensions..js (internal/modules/cjs/loader.js:1114:10)
    at Module.load (internal/modules/cjs/loader.js:950:32)
    at Function.Module._load (internal/modules/cjs/loader.js:790:14)
    at Module.require (internal/modules/cjs/loader.js:974:19)
    at require (internal/modules/cjs/helpers.js:92:18)
    at Object.<anonymous> (/Users/user/Desktop/workspace/stanlab-backend/routes/teachers.js:10:28)
    at Module._compile (internal/modules/cjs/loader.js:1085:14)
    at Object.Module._extensions..js (internal/modules/cjs/loader.js:1114:10)
    at Module.load (internal/modules/cjs/loader.js:950:32)
    at Function.Module._load (internal/modules/cjs/loader.js:790:14)
    at Module.require (internal/modules/cjs/loader.js:974:19)
    at require (internal/modules/cjs/helpers.js:92:18)
    at Object.<anonymous> (/Users/user/Desktop/workspace/stanlab-backend/app.js:9:23)
    at Module._compile (internal/modules/cjs/loader.js:1085:14)
[23-Feb-2023 14:17:25:1725] [error]:    ReferenceError: addStudentToClass is not defined
[23-Feb-2023 14:17:25:1725] [error]:	    at Object.<anonymous> (/Users/user/Desktop/workspace/stanlab-backend/controllers/teachersController.js:325:5)
[23-Feb-2023 14:17:25:1725] [error]:	    at Module._compile (internal/modules/cjs/loader.js:1085:14)
[23-Feb-2023 14:17:25:1725] [error]:	    at Object.Module._extensions..js (internal/modules/cjs/loader.js:1114:10)
[23-Feb-2023 14:17:25:1725] [error]:	    at Module.load (internal/modules/cjs/loader.js:950:32)
[23-Feb-2023 14:17:25:1725] [error]:	    at Function.Module._load (internal/modules/cjs/loader.js:790:14)
[23-Feb-2023 14:17:25:1725] [error]:	    at Module.require (internal/modules/cjs/loader.js:974:19)
[23-Feb-2023 14:17:25:1725] [error]:	    at require (internal/modules/cjs/helpers.js:92:18)
[23-Feb-2023 14:17:25:1725] [error]:	    at Object.<anonymous> (/Users/user/Desktop/workspace/stanlab-backend/routes/teachers.js:10:28)
[23-Feb-2023 14:17:25:1725] [error]:	    at Module._compile (internal/modules/cjs/loader.js:1085:14)
[23-Feb-2023 14:17:25:1725] [error]:	    at Object.Module._extensions..js (internal/modules/cjs/loader.js:1114:10)
[23-Feb-2023 14:17:25:1725] [error]:	    at Module.load (internal/modules/cjs/loader.js:950:32)
[23-Feb-2023 14:17:25:1725] [error]:	    at Function.Module._load (internal/modules/cjs/loader.js:790:14)
[23-Feb-2023 14:17:25:1725] [error]:	    at Module.require (internal/modules/cjs/loader.js:974:19)
[23-Feb-2023 14:17:25:1725] [error]:	    at require (internal/modules/cjs/helpers.js:92:18)
[23-Feb-2023 14:17:25:1725] [error]:	    at Object.<anonymous> (/Users/user/Desktop/workspace/stanlab-backend/app.js:9:23)
[23-Feb-2023 14:17:25:1725] [error]:	    at Module._compile (internal/modules/cjs/loader.js:1085:14)
[23-Feb-2023 14:17:32:1732] [error]: 	uncaughtException: addStudentToClass is not defined
Referen
    at Object.<anonymous> (/Users/user/Desktop/workspace/stanlab-backend/controllers/teachersController.js:325:5)
    at Module._compile (internal/modules/cjs/loader.js:1085:14)
    at Object.Module._extensions..js (internal/modules/cjs/loader.js:1114:10)
    at Module.load (internal/modules/cjs/loader.js:950:32)
    at Function.Module._load (internal/modules/cjs/loader.js:790:14)
    at Module.require (internal/modules/cjs/loader.js:974:19)
    at require (internal/modules/cjs/helpers.js:92:18)
    at Object.<anonymous> (/Users/user/Desktop/workspace/stanlab-backend/routes/teachers.js:10:28)
    at Module._compile (internal/modules/cjs/loader.js:1085:14)
    at Object.Module._extensions..js (internal/modules/cjs/loader.js:1114:10)
    at Module.load (internal/modules/cjs/loader.js:950:32)
    at Function.Module._load (internal/modules/cjs/loader.js:790:14)
    at Module.require (internal/modules/cjs/loader.js:974:19)
    at require (internal/modules/cjs/helpers.js:92:18)
    at Object.<anonymous> (/Users/user/Desktop/workspace/stanlab-backend/app.js:9:23)
    at Module._compile (internal/modules/cjs/loader.js:1085:14)
[23-Feb-2023 14:17:32:1732] [error]:    ReferenceError: addStudentToClass is not defined
[23-Feb-2023 14:17:32:1732] [error]:	    at Object.<anonymous> (/Users/user/Desktop/workspace/stanlab-backend/controllers/teachersController.js:325:5)
[23-Feb-2023 14:17:32:1732] [error]:	    at Module._compile (internal/modules/cjs/loader.js:1085:14)
[23-Feb-2023 14:17:32:1732] [error]:	    at Object.Module._extensions..js (internal/modules/cjs/loader.js:1114:10)
[23-Feb-2023 14:17:32:1732] [error]:	    at Module.load (internal/modules/cjs/loader.js:950:32)
[23-Feb-2023 14:17:32:1732] [error]:	    at Function.Module._load (internal/modules/cjs/loader.js:790:14)
[23-Feb-2023 14:17:32:1732] [error]:	    at Module.require (internal/modules/cjs/loader.js:974:19)
[23-Feb-2023 14:17:32:1732] [error]:	    at require (internal/modules/cjs/helpers.js:92:18)
[23-Feb-2023 14:17:32:1732] [error]:	    at Object.<anonymous> (/Users/user/Desktop/workspace/stanlab-backend/routes/teachers.js:10:28)
[23-Feb-2023 14:17:32:1732] [error]:	    at Module._compile (internal/modules/cjs/loader.js:1085:14)
[23-Feb-2023 14:17:32:1732] [error]:	    at Object.Module._extensions..js (internal/modules/cjs/loader.js:1114:10)
[23-Feb-2023 14:17:32:1732] [error]:	    at Module.load (internal/modules/cjs/loader.js:950:32)
[23-Feb-2023 14:17:32:1732] [error]:	    at Function.Module._load (internal/modules/cjs/loader.js:790:14)
[23-Feb-2023 14:17:32:1732] [error]:	    at Module.require (internal/modules/cjs/loader.js:974:19)
[23-Feb-2023 14:17:32:1732] [error]:	    at require (internal/modules/cjs/helpers.js:92:18)
[23-Feb-2023 14:17:32:1732] [error]:	    at Object.<anonymous> (/Users/user/Desktop/workspace/stanlab-backend/app.js:9:23)
[23-Feb-2023 14:17:32:1732] [error]:	    at Module._compile (internal/modules/cjs/loader.js:1085:14)
[23-Feb-2023 14:17:59:1759] [error]: 	uncaughtException: addStudentToClass is not defined
Referen
    at Object.<anonymous> (/Users/user/Desktop/workspace/stanlab-backend/controllers/teachersController.js:325:5)
    at Module._compile (internal/modules/cjs/loader.js:1085:14)
    at Object.Module._extensions..js (internal/modules/cjs/loader.js:1114:10)
    at Module.load (internal/modules/cjs/loader.js:950:32)
    at Function.Module._load (internal/modules/cjs/loader.js:790:14)
    at Module.require (internal/modules/cjs/loader.js:974:19)
    at require (internal/modules/cjs/helpers.js:92:18)
    at Object.<anonymous> (/Users/user/Desktop/workspace/stanlab-backend/routes/teachers.js:10:28)
    at Module._compile (internal/modules/cjs/loader.js:1085:14)
    at Object.Module._extensions..js (internal/modules/cjs/loader.js:1114:10)
    at Module.load (internal/modules/cjs/loader.js:950:32)
    at Function.Module._load (internal/modules/cjs/loader.js:790:14)
    at Module.require (internal/modules/cjs/loader.js:974:19)
    at require (internal/modules/cjs/helpers.js:92:18)
    at Object.<anonymous> (/Users/user/Desktop/workspace/stanlab-backend/app.js:9:23)
    at Module._compile (internal/modules/cjs/loader.js:1085:14)
[23-Feb-2023 14:17:59:1759] [error]:    ReferenceError: addStudentToClass is not defined
[23-Feb-2023 14:17:59:1759] [error]:	    at Object.<anonymous> (/Users/user/Desktop/workspace/stanlab-backend/controllers/teachersController.js:325:5)
[23-Feb-2023 14:17:59:1759] [error]:	    at Module._compile (internal/modules/cjs/loader.js:1085:14)
[23-Feb-2023 14:17:59:1759] [error]:	    at Object.Module._extensions..js (internal/modules/cjs/loader.js:1114:10)
[23-Feb-2023 14:17:59:1759] [error]:	    at Module.load (internal/modules/cjs/loader.js:950:32)
[23-Feb-2023 14:17:59:1759] [error]:	    at Function.Module._load (internal/modules/cjs/loader.js:790:14)
[23-Feb-2023 14:17:59:1759] [error]:	    at Module.require (internal/modules/cjs/loader.js:974:19)
[23-Feb-2023 14:17:59:1759] [error]:	    at require (internal/modules/cjs/helpers.js:92:18)
[23-Feb-2023 14:17:59:1759] [error]:	    at Object.<anonymous> (/Users/user/Desktop/workspace/stanlab-backend/routes/teachers.js:10:28)
[23-Feb-2023 14:17:59:1759] [error]:	    at Module._compile (internal/modules/cjs/loader.js:1085:14)
[23-Feb-2023 14:17:59:1759] [error]:	    at Object.Module._extensions..js (internal/modules/cjs/loader.js:1114:10)
[23-Feb-2023 14:17:59:1759] [error]:	    at Module.load (internal/modules/cjs/loader.js:950:32)
[23-Feb-2023 14:17:59:1759] [error]:	    at Function.Module._load (internal/modules/cjs/loader.js:790:14)
[23-Feb-2023 14:17:59:1759] [error]:	    at Module.require (internal/modules/cjs/loader.js:974:19)
[23-Feb-2023 14:17:59:1759] [error]:	    at require (internal/modules/cjs/helpers.js:92:18)
[23-Feb-2023 14:17:59:1759] [error]:	    at Object.<anonymous> (/Users/user/Desktop/workspace/stanlab-backend/app.js:9:23)
[23-Feb-2023 14:17:59:1759] [error]:	    at Module._compile (internal/modules/cjs/loader.js:1085:14)
[23-Feb-2023 14:18:08:188] [error]: 	uncaughtException: addStudentToClass is not defined
Referen
    at Object.<anonymous> (/Users/user/Desktop/workspace/stanlab-backend/controllers/teachersController.js:325:5)
    at Module._compile (internal/modules/cjs/loader.js:1085:14)
    at Object.Module._extensions..js (internal/modules/cjs/loader.js:1114:10)
    at Module.load (internal/modules/cjs/loader.js:950:32)
    at Function.Module._load (internal/modules/cjs/loader.js:790:14)
    at Module.require (internal/modules/cjs/loader.js:974:19)
    at require (internal/modules/cjs/helpers.js:92:18)
    at Object.<anonymous> (/Users/user/Desktop/workspace/stanlab-backend/routes/teachers.js:10:28)
    at Module._compile (internal/modules/cjs/loader.js:1085:14)
    at Object.Module._extensions..js (internal/modules/cjs/loader.js:1114:10)
    at Module.load (internal/modules/cjs/loader.js:950:32)
    at Function.Module._load (internal/modules/cjs/loader.js:790:14)
    at Module.require (internal/modules/cjs/loader.js:974:19)
    at require (internal/modules/cjs/helpers.js:92:18)
    at Object.<anonymous> (/Users/user/Desktop/workspace/stanlab-backend/app.js:9:23)
    at Module._compile (internal/modules/cjs/loader.js:1085:14)
[23-Feb-2023 14:18:08:188] [error]:    ReferenceError: addStudentToClass is not defined
[23-Feb-2023 14:18:08:188] [error]:	    at Object.<anonymous> (/Users/user/Desktop/workspace/stanlab-backend/controllers/teachersController.js:325:5)
[23-Feb-2023 14:18:08:188] [error]:	    at Module._compile (internal/modules/cjs/loader.js:1085:14)
[23-Feb-2023 14:18:08:188] [error]:	    at Object.Module._extensions..js (internal/modules/cjs/loader.js:1114:10)
[23-Feb-2023 14:18:08:188] [error]:	    at Module.load (internal/modules/cjs/loader.js:950:32)
[23-Feb-2023 14:18:08:188] [error]:	    at Function.Module._load (internal/modules/cjs/loader.js:790:14)
[23-Feb-2023 14:18:08:188] [error]:	    at Module.require (internal/modules/cjs/loader.js:974:19)
[23-Feb-2023 14:18:08:188] [error]:	    at require (internal/modules/cjs/helpers.js:92:18)
[23-Feb-2023 14:18:08:188] [error]:	    at Object.<anonymous> (/Users/user/Desktop/workspace/stanlab-backend/routes/teachers.js:10:28)
[23-Feb-2023 14:18:08:188] [error]:	    at Module._compile (internal/modules/cjs/loader.js:1085:14)
[23-Feb-2023 14:18:08:188] [error]:	    at Object.Module._extensions..js (internal/modules/cjs/loader.js:1114:10)
[23-Feb-2023 14:18:08:188] [error]:	    at Module.load (internal/modules/cjs/loader.js:950:32)
[23-Feb-2023 14:18:08:188] [error]:	    at Function.Module._load (internal/modules/cjs/loader.js:790:14)
[23-Feb-2023 14:18:08:188] [error]:	    at Module.require (internal/modules/cjs/loader.js:974:19)
[23-Feb-2023 14:18:08:188] [error]:	    at require (internal/modules/cjs/helpers.js:92:18)
[23-Feb-2023 14:18:08:188] [error]:	    at Object.<anonymous> (/Users/user/Desktop/workspace/stanlab-backend/app.js:9:23)
[23-Feb-2023 14:18:08:188] [error]:	    at Module._compile (internal/modules/cjs/loader.js:1085:14)
[23-Feb-2023 14:18:26:1826] [error]: 	uncaughtException: addStudentToClass is not defined
Referen
    at Object.<anonymous> (/Users/user/Desktop/workspace/stanlab-backend/controllers/teachersController.js:325:5)
    at Module._compile (internal/modules/cjs/loader.js:1085:14)
    at Object.Module._extensions..js (internal/modules/cjs/loader.js:1114:10)
    at Module.load (internal/modules/cjs/loader.js:950:32)
    at Function.Module._load (internal/modules/cjs/loader.js:790:14)
    at Module.require (internal/modules/cjs/loader.js:974:19)
    at require (internal/modules/cjs/helpers.js:92:18)
    at Object.<anonymous> (/Users/user/Desktop/workspace/stanlab-backend/routes/teachers.js:10:28)
    at Module._compile (internal/modules/cjs/loader.js:1085:14)
    at Object.Module._extensions..js (internal/modules/cjs/loader.js:1114:10)
    at Module.load (internal/modules/cjs/loader.js:950:32)
    at Function.Module._load (internal/modules/cjs/loader.js:790:14)
    at Module.require (internal/modules/cjs/loader.js:974:19)
    at require (internal/modules/cjs/helpers.js:92:18)
    at Object.<anonymous> (/Users/user/Desktop/workspace/stanlab-backend/app.js:9:23)
    at Module._compile (internal/modules/cjs/loader.js:1085:14)
[23-Feb-2023 14:18:26:1826] [error]:    ReferenceError: addStudentToClass is not defined
[23-Feb-2023 14:18:26:1826] [error]:	    at Object.<anonymous> (/Users/user/Desktop/workspace/stanlab-backend/controllers/teachersController.js:325:5)
[23-Feb-2023 14:18:26:1826] [error]:	    at Module._compile (internal/modules/cjs/loader.js:1085:14)
[23-Feb-2023 14:18:26:1826] [error]:	    at Object.Module._extensions..js (internal/modules/cjs/loader.js:1114:10)
[23-Feb-2023 14:18:26:1826] [error]:	    at Module.load (internal/modules/cjs/loader.js:950:32)
[23-Feb-2023 14:18:26:1826] [error]:	    at Function.Module._load (internal/modules/cjs/loader.js:790:14)
[23-Feb-2023 14:18:26:1826] [error]:	    at Module.require (internal/modules/cjs/loader.js:974:19)
[23-Feb-2023 14:18:26:1826] [error]:	    at require (internal/modules/cjs/helpers.js:92:18)
[23-Feb-2023 14:18:26:1826] [error]:	    at Object.<anonymous> (/Users/user/Desktop/workspace/stanlab-backend/routes/teachers.js:10:28)
[23-Feb-2023 14:18:26:1826] [error]:	    at Module._compile (internal/modules/cjs/loader.js:1085:14)
[23-Feb-2023 14:18:26:1826] [error]:	    at Object.Module._extensions..js (internal/modules/cjs/loader.js:1114:10)
[23-Feb-2023 14:18:26:1826] [error]:	    at Module.load (internal/modules/cjs/loader.js:950:32)
[23-Feb-2023 14:18:26:1826] [error]:	    at Function.Module._load (internal/modules/cjs/loader.js:790:14)
[23-Feb-2023 14:18:26:1826] [error]:	    at Module.require (internal/modules/cjs/loader.js:974:19)
[23-Feb-2023 14:18:26:1826] [error]:	    at require (internal/modules/cjs/helpers.js:92:18)
[23-Feb-2023 14:18:26:1826] [error]:	    at Object.<anonymous> (/Users/user/Desktop/workspace/stanlab-backend/app.js:9:23)
[23-Feb-2023 14:18:26:1826] [error]:	    at Module._compile (internal/modules/cjs/loader.js:1085:14)
[23-Feb-2023 14:34:56:3456] [error]: 	uncaughtException: 
Error: Route.post() requires a callback function but got a [object Undefined]
    at Route.<computed> [as post] (/Users/user/Desktop/workspace/stanlab-backend/node_modules/express/lib/router/route.js:202:15)
    at Function.proto.<computed> [as post] (/Users/user/Desktop/workspace/stanlab-backend/node_modules/express/lib/router/index.js:510:19)
    at Object.<anonymous> (/Users/user/Desktop/workspace/stanlab-backend/routes/V2/teachers.js:81:8)
    at Module._compile (internal/modules/cjs/loader.js:1085:14)
    at Object.Module._extensions..js (internal/modules/cjs/loader.js:1114:10)
    at Module.load (internal/modules/cjs/loader.js:950:32)
    at Function.Module._load (internal/modules/cjs/loader.js:790:14)
    at Module.require (internal/modules/cjs/loader.js:974:19)
    at require (internal/modules/cjs/helpers.js:92:18)
    at Object.<anonymous> (/Users/user/Desktop/workspace/stanlab-backend/app.js:11:25)
    at Module._compile (internal/modules/cjs/loader.js:1085:14)
    at Object.Module._extensions..js (internal/modules/cjs/loader.js:1114:10)
    at Module.load (internal/modules/cjs/loader.js:950:32)
    at Function.Module._load (internal/modules/cjs/loader.js:790:14)
    at Module.require (internal/modules/cjs/loader.js:974:19)
    at require (internal/modules/cjs/helpers.js:92:18)
[23-Feb-2023 14:34:56:3456] [error]:    Error: Route.post() requires a callback function but got a [object Undefined]
[23-Feb-2023 14:34:56:3456] [error]:	    at Route.<computed> [as post] (/Users/user/Desktop/workspace/stanlab-backend/node_modules/express/lib/router/route.js:202:15)
[23-Feb-2023 14:34:56:3456] [error]:	    at Function.proto.<computed> [as post] (/Users/user/Desktop/workspace/stanlab-backend/node_modules/express/lib/router/index.js:510:19)
[23-Feb-2023 14:34:56:3456] [error]:	    at Object.<anonymous> (/Users/user/Desktop/workspace/stanlab-backend/routes/V2/teachers.js:81:8)
[23-Feb-2023 14:34:56:3456] [error]:	    at Module._compile (internal/modules/cjs/loader.js:1085:14)
[23-Feb-2023 14:34:56:3456] [error]:	    at Object.Module._extensions..js (internal/modules/cjs/loader.js:1114:10)
[23-Feb-2023 14:34:56:3456] [error]:	    at Module.load (internal/modules/cjs/loader.js:950:32)
[23-Feb-2023 14:34:56:3456] [error]:	    at Function.Module._load (internal/modules/cjs/loader.js:790:14)
[23-Feb-2023 14:34:56:3456] [error]:	    at Module.require (internal/modules/cjs/loader.js:974:19)
[23-Feb-2023 14:34:56:3456] [error]:	    at require (internal/modules/cjs/helpers.js:92:18)
[23-Feb-2023 14:34:56:3456] [error]:	    at Object.<anonymous> (/Users/user/Desktop/workspace/stanlab-backend/app.js:11:25)
[23-Feb-2023 14:34:56:3456] [error]:	    at Module._compile (internal/modules/cjs/loader.js:1085:14)
[23-Feb-2023 14:34:56:3456] [error]:	    at Object.Module._extensions..js (internal/modules/cjs/loader.js:1114:10)
[23-Feb-2023 14:34:56:3456] [error]:	    at Module.load (internal/modules/cjs/loader.js:950:32)
[23-Feb-2023 14:34:56:3456] [error]:	    at Function.Module._load (internal/modules/cjs/loader.js:790:14)
[23-Feb-2023 14:34:56:3456] [error]:	    at Module.require (internal/modules/cjs/loader.js:974:19)
[23-Feb-2023 14:34:56:3456] [error]:	    at require (internal/modules/cjs/helpers.js:92:18)
[23-Feb-2023 14:36:51:3651] [error]: 	uncaughtException: 
Error: Route.post() requires a callback function but got a [object Undefined]
    at Route.<computed> [as post] (/Users/user/Desktop/workspace/stanlab-backend/node_modules/express/lib/router/route.js:202:15)
    at Function.proto.<computed> [as post] (/Users/user/Desktop/workspace/stanlab-backend/node_modules/express/lib/router/index.js:510:19)
    at Object.<anonymous> (/Users/user/Desktop/workspace/stanlab-backend/routes/teachers.js:80:8)
    at Module._compile (internal/modules/cjs/loader.js:1085:14)
    at Object.Module._extensions..js (internal/modules/cjs/loader.js:1114:10)
    at Module.load (internal/modules/cjs/loader.js:950:32)
    at Function.Module._load (internal/modules/cjs/loader.js:790:14)
    at Module.require (internal/modules/cjs/loader.js:974:19)
    at require (internal/modules/cjs/helpers.js:92:18)
    at Object.<anonymous> (/Users/user/Desktop/workspace/stanlab-backend/app.js:9:23)
    at Module._compile (internal/modules/cjs/loader.js:1085:14)
    at Object.Module._extensions..js (internal/modules/cjs/loader.js:1114:10)
    at Module.load (internal/modules/cjs/loader.js:950:32)
    at Function.Module._load (internal/modules/cjs/loader.js:790:14)
    at Module.require (internal/modules/cjs/loader.js:974:19)
    at require (internal/modules/cjs/helpers.js:92:18)
[23-Feb-2023 14:36:51:3651] [error]:    Error: Route.post() requires a callback function but got a [object Undefined]
[23-Feb-2023 14:36:51:3651] [error]:	    at Route.<computed> [as post] (/Users/user/Desktop/workspace/stanlab-backend/node_modules/express/lib/router/route.js:202:15)
[23-Feb-2023 14:36:51:3651] [error]:	    at Function.proto.<computed> [as post] (/Users/user/Desktop/workspace/stanlab-backend/node_modules/express/lib/router/index.js:510:19)
[23-Feb-2023 14:36:51:3651] [error]:	    at Object.<anonymous> (/Users/user/Desktop/workspace/stanlab-backend/routes/teachers.js:80:8)
[23-Feb-2023 14:36:51:3651] [error]:	    at Module._compile (internal/modules/cjs/loader.js:1085:14)
[23-Feb-2023 14:36:51:3651] [error]:	    at Object.Module._extensions..js (internal/modules/cjs/loader.js:1114:10)
[23-Feb-2023 14:36:51:3651] [error]:	    at Module.load (internal/modules/cjs/loader.js:950:32)
[23-Feb-2023 14:36:51:3651] [error]:	    at Function.Module._load (internal/modules/cjs/loader.js:790:14)
[23-Feb-2023 14:36:51:3651] [error]:	    at Module.require (internal/modules/cjs/loader.js:974:19)
[23-Feb-2023 14:36:51:3651] [error]:	    at require (internal/modules/cjs/helpers.js:92:18)
[23-Feb-2023 14:36:51:3651] [error]:	    at Object.<anonymous> (/Users/user/Desktop/workspace/stanlab-backend/app.js:9:23)
[23-Feb-2023 14:36:51:3651] [error]:	    at Module._compile (internal/modules/cjs/loader.js:1085:14)
[23-Feb-2023 14:36:51:3651] [error]:	    at Object.Module._extensions..js (internal/modules/cjs/loader.js:1114:10)
[23-Feb-2023 14:36:51:3651] [error]:	    at Module.load (internal/modules/cjs/loader.js:950:32)
[23-Feb-2023 14:36:51:3651] [error]:	    at Function.Module._load (internal/modules/cjs/loader.js:790:14)
[23-Feb-2023 14:36:51:3651] [error]:	    at Module.require (internal/modules/cjs/loader.js:974:19)
[23-Feb-2023 14:36:51:3651] [error]:	    at require (internal/modules/cjs/helpers.js:92:18)
[23-Feb-2023 14:38:52:3852] [error]: 	uncaughtException: 
Error: Route.post() requires a callback function but got a [object Undefined]
    at Route.<computed> [as post] (/Users/user/Desktop/workspace/stanlab-backend/node_modules/express/lib/router/route.js:202:15)
    at Function.proto.<computed> [as post] (/Users/user/Desktop/workspace/stanlab-backend/node_modules/express/lib/router/index.js:510:19)
    at Object.<anonymous> (/Users/user/Desktop/workspace/stanlab-backend/routes/teachers.js:80:8)
    at Module._compile (internal/modules/cjs/loader.js:1085:14)
    at Object.Module._extensions..js (internal/modules/cjs/loader.js:1114:10)
    at Module.load (internal/modules/cjs/loader.js:950:32)
    at Function.Module._load (internal/modules/cjs/loader.js:790:14)
    at Module.require (internal/modules/cjs/loader.js:974:19)
    at require (internal/modules/cjs/helpers.js:92:18)
    at Object.<anonymous> (/Users/user/Desktop/workspace/stanlab-backend/app.js:9:23)
    at Module._compile (internal/modules/cjs/loader.js:1085:14)
    at Object.Module._extensions..js (internal/modules/cjs/loader.js:1114:10)
    at Module.load (internal/modules/cjs/loader.js:950:32)
    at Function.Module._load (internal/modules/cjs/loader.js:790:14)
    at Module.require (internal/modules/cjs/loader.js:974:19)
    at require (internal/modules/cjs/helpers.js:92:18)
[23-Feb-2023 14:38:52:3852] [error]:    Error: Route.post() requires a callback function but got a [object Undefined]
[23-Feb-2023 14:38:52:3852] [error]:	    at Route.<computed> [as post] (/Users/user/Desktop/workspace/stanlab-backend/node_modules/express/lib/router/route.js:202:15)
[23-Feb-2023 14:38:52:3852] [error]:	    at Function.proto.<computed> [as post] (/Users/user/Desktop/workspace/stanlab-backend/node_modules/express/lib/router/index.js:510:19)
[23-Feb-2023 14:38:52:3852] [error]:	    at Object.<anonymous> (/Users/user/Desktop/workspace/stanlab-backend/routes/teachers.js:80:8)
[23-Feb-2023 14:38:52:3852] [error]:	    at Module._compile (internal/modules/cjs/loader.js:1085:14)
[23-Feb-2023 14:38:52:3852] [error]:	    at Object.Module._extensions..js (internal/modules/cjs/loader.js:1114:10)
[23-Feb-2023 14:38:52:3852] [error]:	    at Module.load (internal/modules/cjs/loader.js:950:32)
[23-Feb-2023 14:38:52:3852] [error]:	    at Function.Module._load (internal/modules/cjs/loader.js:790:14)
[23-Feb-2023 14:38:52:3852] [error]:	    at Module.require (internal/modules/cjs/loader.js:974:19)
[23-Feb-2023 14:38:52:3852] [error]:	    at require (internal/modules/cjs/helpers.js:92:18)
[23-Feb-2023 14:38:52:3852] [error]:	    at Object.<anonymous> (/Users/user/Desktop/workspace/stanlab-backend/app.js:9:23)
[23-Feb-2023 14:38:52:3852] [error]:	    at Module._compile (internal/modules/cjs/loader.js:1085:14)
[23-Feb-2023 14:38:52:3852] [error]:	    at Object.Module._extensions..js (internal/modules/cjs/loader.js:1114:10)
[23-Feb-2023 14:38:52:3852] [error]:	    at Module.load (internal/modules/cjs/loader.js:950:32)
[23-Feb-2023 14:38:52:3852] [error]:	    at Function.Module._load (internal/modules/cjs/loader.js:790:14)
[23-Feb-2023 14:38:52:3852] [error]:	    at Module.require (internal/modules/cjs/loader.js:974:19)
[23-Feb-2023 14:38:52:3852] [error]:	    at require (internal/modules/cjs/helpers.js:92:18)
[23-Feb-2023 14:39:29:3929] [error]: 	uncaughtException: 
Error: Route.post() requires a callback function but got a [object Undefined]
    at Route.<computed> [as post] (/Users/user/Desktop/workspace/stanlab-backend/node_modules/express/lib/router/route.js:202:15)
    at Function.proto.<computed> [as post] (/Users/user/Desktop/workspace/stanlab-backend/node_modules/express/lib/router/index.js:510:19)
    at Object.<anonymous> (/Users/user/Desktop/workspace/stanlab-backend/routes/teachers.js:80:8)
    at Module._compile (internal/modules/cjs/loader.js:1085:14)
    at Object.Module._extensions..js (internal/modules/cjs/loader.js:1114:10)
    at Module.load (internal/modules/cjs/loader.js:950:32)
    at Function.Module._load (internal/modules/cjs/loader.js:790:14)
    at Module.require (internal/modules/cjs/loader.js:974:19)
    at require (internal/modules/cjs/helpers.js:92:18)
    at Object.<anonymous> (/Users/user/Desktop/workspace/stanlab-backend/app.js:9:23)
    at Module._compile (internal/modules/cjs/loader.js:1085:14)
    at Object.Module._extensions..js (internal/modules/cjs/loader.js:1114:10)
    at Module.load (internal/modules/cjs/loader.js:950:32)
    at Function.Module._load (internal/modules/cjs/loader.js:790:14)
    at Module.require (internal/modules/cjs/loader.js:974:19)
    at require (internal/modules/cjs/helpers.js:92:18)
[23-Feb-2023 14:39:29:3929] [error]:    Error: Route.post() requires a callback function but got a [object Undefined]
[23-Feb-2023 14:39:29:3929] [error]:	    at Route.<computed> [as post] (/Users/user/Desktop/workspace/stanlab-backend/node_modules/express/lib/router/route.js:202:15)
[23-Feb-2023 14:39:29:3929] [error]:	    at Function.proto.<computed> [as post] (/Users/user/Desktop/workspace/stanlab-backend/node_modules/express/lib/router/index.js:510:19)
[23-Feb-2023 14:39:29:3929] [error]:	    at Object.<anonymous> (/Users/user/Desktop/workspace/stanlab-backend/routes/teachers.js:80:8)
[23-Feb-2023 14:39:29:3929] [error]:	    at Module._compile (internal/modules/cjs/loader.js:1085:14)
[23-Feb-2023 14:39:29:3929] [error]:	    at Object.Module._extensions..js (internal/modules/cjs/loader.js:1114:10)
[23-Feb-2023 14:39:29:3929] [error]:	    at Module.load (internal/modules/cjs/loader.js:950:32)
[23-Feb-2023 14:39:29:3929] [error]:	    at Function.Module._load (internal/modules/cjs/loader.js:790:14)
[23-Feb-2023 14:39:29:3929] [error]:	    at Module.require (internal/modules/cjs/loader.js:974:19)
[23-Feb-2023 14:39:29:3929] [error]:	    at require (internal/modules/cjs/helpers.js:92:18)
[23-Feb-2023 14:39:29:3929] [error]:	    at Object.<anonymous> (/Users/user/Desktop/workspace/stanlab-backend/app.js:9:23)
[23-Feb-2023 14:39:29:3929] [error]:	    at Module._compile (internal/modules/cjs/loader.js:1085:14)
[23-Feb-2023 14:39:29:3929] [error]:	    at Object.Module._extensions..js (internal/modules/cjs/loader.js:1114:10)
[23-Feb-2023 14:39:29:3929] [error]:	    at Module.load (internal/modules/cjs/loader.js:950:32)
[23-Feb-2023 14:39:29:3929] [error]:	    at Function.Module._load (internal/modules/cjs/loader.js:790:14)
[23-Feb-2023 14:39:29:3929] [error]:	    at Module.require (internal/modules/cjs/loader.js:974:19)
[23-Feb-2023 14:39:29:3929] [error]:	    at require (internal/modules/cjs/helpers.js:92:18)
[23-Feb-2023 14:40:10:4010] [error]: 	uncaughtException: 
Error: Route.post() requires a callback function but got a [object Undefined]
    at Route.<computed> [as post] (/Users/user/Desktop/workspace/stanlab-backend/node_modules/express/lib/router/route.js:202:15)
    at Function.proto.<computed> [as post] (/Users/user/Desktop/workspace/stanlab-backend/node_modules/express/lib/router/index.js:510:19)
    at Object.<anonymous> (/Users/user/Desktop/workspace/stanlab-backend/routes/V2/teachers.js:81:8)
    at Module._compile (internal/modules/cjs/loader.js:1085:14)
    at Object.Module._extensions..js (internal/modules/cjs/loader.js:1114:10)
    at Module.load (internal/modules/cjs/loader.js:950:32)
    at Function.Module._load (internal/modules/cjs/loader.js:790:14)
    at Module.require (internal/modules/cjs/loader.js:974:19)
    at require (internal/modules/cjs/helpers.js:92:18)
    at Object.<anonymous> (/Users/user/Desktop/workspace/stanlab-backend/app.js:11:25)
    at Module._compile (internal/modules/cjs/loader.js:1085:14)
    at Object.Module._extensions..js (internal/modules/cjs/loader.js:1114:10)
    at Module.load (internal/modules/cjs/loader.js:950:32)
    at Function.Module._load (internal/modules/cjs/loader.js:790:14)
    at Module.require (internal/modules/cjs/loader.js:974:19)
    at require (internal/modules/cjs/helpers.js:92:18)
[23-Feb-2023 14:40:10:4010] [error]:    Error: Route.post() requires a callback function but got a [object Undefined]
[23-Feb-2023 14:40:10:4010] [error]:	    at Route.<computed> [as post] (/Users/user/Desktop/workspace/stanlab-backend/node_modules/express/lib/router/route.js:202:15)
[23-Feb-2023 14:40:10:4010] [error]:	    at Function.proto.<computed> [as post] (/Users/user/Desktop/workspace/stanlab-backend/node_modules/express/lib/router/index.js:510:19)
[23-Feb-2023 14:40:10:4010] [error]:	    at Object.<anonymous> (/Users/user/Desktop/workspace/stanlab-backend/routes/V2/teachers.js:81:8)
[23-Feb-2023 14:40:10:4010] [error]:	    at Module._compile (internal/modules/cjs/loader.js:1085:14)
[23-Feb-2023 14:40:10:4010] [error]:	    at Object.Module._extensions..js (internal/modules/cjs/loader.js:1114:10)
[23-Feb-2023 14:40:10:4010] [error]:	    at Module.load (internal/modules/cjs/loader.js:950:32)
[23-Feb-2023 14:40:10:4010] [error]:	    at Function.Module._load (internal/modules/cjs/loader.js:790:14)
[23-Feb-2023 14:40:10:4010] [error]:	    at Module.require (internal/modules/cjs/loader.js:974:19)
[23-Feb-2023 14:40:10:4010] [error]:	    at require (internal/modules/cjs/helpers.js:92:18)
[23-Feb-2023 14:40:10:4010] [error]:	    at Object.<anonymous> (/Users/user/Desktop/workspace/stanlab-backend/app.js:11:25)
[23-Feb-2023 14:40:10:4010] [error]:	    at Module._compile (internal/modules/cjs/loader.js:1085:14)
[23-Feb-2023 14:40:10:4010] [error]:	    at Object.Module._extensions..js (internal/modules/cjs/loader.js:1114:10)
[23-Feb-2023 14:40:10:4010] [error]:	    at Module.load (internal/modules/cjs/loader.js:950:32)
[23-Feb-2023 14:40:10:4010] [error]:	    at Function.Module._load (internal/modules/cjs/loader.js:790:14)
[23-Feb-2023 14:40:10:4010] [error]:	    at Module.require (internal/modules/cjs/loader.js:974:19)
[23-Feb-2023 14:40:10:4010] [error]:	    at require (internal/modules/cjs/helpers.js:92:18)
[23-Feb-2023 14:41:57:4157] [error]: 	unhandledRejection: `Model.create()` cannot run without a model as `this`. Make sure you are not calling `new Model.create()`
Mongoos
    at _checkContext (/Users/user/Desktop/workspace/stanlab-backend/node_modules/mongoose/lib/model.js:1180:11)
    at new create (/Users/user/Desktop/workspace/stanlab-backend/node_modules/mongoose/lib/model.js:2989:3)
    at StudentTeacherClassService.create (/Users/user/Desktop/workspace/stanlab-backend/services/teacherClass/teacher-student-class.js:23:27)
    at processTicksAndRejections (internal/process/task_queues.js:95:5)
[23-Feb-2023 14:41:57:4157] [error]:    MongooseError: `Model.create()` cannot run without a model as `this`. Make sure you are not calling `new Model.create()`
[23-Feb-2023 14:41:57:4157] [error]:	    at _checkContext (/Users/user/Desktop/workspace/stanlab-backend/node_modules/mongoose/lib/model.js:1180:11)
[23-Feb-2023 14:41:57:4157] [error]:	    at new create (/Users/user/Desktop/workspace/stanlab-backend/node_modules/mongoose/lib/model.js:2989:3)
[23-Feb-2023 14:41:57:4157] [error]:	    at StudentTeacherClassService.create (/Users/user/Desktop/workspace/stanlab-backend/services/teacherClass/teacher-student-class.js:23:27)
[23-Feb-2023 14:41:57:4157] [error]:	    at processTicksAndRejections (internal/process/task_queues.js:95:5)
[23-Feb-2023 15:13:57:1357] [error]: 	uncaughtException: `Model.create()` cannot run without a model as `this`. Make sure you are not calling `new Model.create()`
Mongoos
    at _checkContext (/Users/user/Desktop/workspace/stanlab-backend/node_modules/mongoose/lib/model.js:1180:11)
    at new create (/Users/user/Desktop/workspace/stanlab-backend/node_modules/mongoose/lib/model.js:2989:3)
    at Object.<anonymous> (/Users/user/Desktop/workspace/stanlab-backend/models/teacherStudentClass.js:12:13)
    at Module._compile (internal/modules/cjs/loader.js:1085:14)
    at Object.Module._extensions..js (internal/modules/cjs/loader.js:1114:10)
    at Module.load (internal/modules/cjs/loader.js:950:32)
    at Function.Module._load (internal/modules/cjs/loader.js:790:14)
    at Module.require (internal/modules/cjs/loader.js:974:19)
    at require (internal/modules/cjs/helpers.js:92:18)
    at Object.<anonymous> (/Users/user/Desktop/workspace/stanlab-backend/services/teacherClass/teacher-student.js:2:33)
    at Module._compile (internal/modules/cjs/loader.js:1085:14)
    at Object.Module._extensions..js (internal/modules/cjs/loader.js:1114:10)
    at Module.load (internal/modules/cjs/loader.js:950:32)
    at Function.Module._load (internal/modules/cjs/loader.js:790:14)
    at Module.require (internal/modules/cjs/loader.js:974:19)
    at require (internal/modules/cjs/helpers.js:92:18)
[23-Feb-2023 15:13:57:1357] [error]:    MongooseError: `Model.create()` cannot run without a model as `this`. Make sure you are not calling `new Model.create()`
[23-Feb-2023 15:13:57:1357] [error]:	    at _checkContext (/Users/user/Desktop/workspace/stanlab-backend/node_modules/mongoose/lib/model.js:1180:11)
[23-Feb-2023 15:13:57:1357] [error]:	    at new create (/Users/user/Desktop/workspace/stanlab-backend/node_modules/mongoose/lib/model.js:2989:3)
[23-Feb-2023 15:13:57:1357] [error]:	    at Object.<anonymous> (/Users/user/Desktop/workspace/stanlab-backend/models/teacherStudentClass.js:12:13)
[23-Feb-2023 15:13:57:1357] [error]:	    at Module._compile (internal/modules/cjs/loader.js:1085:14)
[23-Feb-2023 15:13:57:1357] [error]:	    at Object.Module._extensions..js (internal/modules/cjs/loader.js:1114:10)
[23-Feb-2023 15:13:57:1357] [error]:	    at Module.load (internal/modules/cjs/loader.js:950:32)
[23-Feb-2023 15:13:57:1357] [error]:	    at Function.Module._load (internal/modules/cjs/loader.js:790:14)
[23-Feb-2023 15:13:57:1357] [error]:	    at Module.require (internal/modules/cjs/loader.js:974:19)
[23-Feb-2023 15:13:57:1357] [error]:	    at require (internal/modules/cjs/helpers.js:92:18)
[23-Feb-2023 15:13:57:1357] [error]:	    at Object.<anonymous> (/Users/user/Desktop/workspace/stanlab-backend/services/teacherClass/teacher-student.js:2:33)
[23-Feb-2023 15:13:57:1357] [error]:	    at Module._compile (internal/modules/cjs/loader.js:1085:14)
[23-Feb-2023 15:13:57:1357] [error]:	    at Object.Module._extensions..js (internal/modules/cjs/loader.js:1114:10)
[23-Feb-2023 15:13:57:1357] [error]:	    at Module.load (internal/modules/cjs/loader.js:950:32)
[23-Feb-2023 15:13:57:1357] [error]:	    at Function.Module._load (internal/modules/cjs/loader.js:790:14)
[23-Feb-2023 15:13:57:1357] [error]:	    at Module.require (internal/modules/cjs/loader.js:974:19)
[23-Feb-2023 15:13:57:1357] [error]:	    at require (internal/modules/cjs/helpers.js:92:18)
[23-Feb-2023 15:14:14:1414] [error]: 	uncaughtException: `Model.create()` cannot run without a model as `this`. Make sure you are not calling `new Model.create()`
Mongoos
    at _checkContext (/Users/user/Desktop/workspace/stanlab-backend/node_modules/mongoose/lib/model.js:1180:11)
    at new create (/Users/user/Desktop/workspace/stanlab-backend/node_modules/mongoose/lib/model.js:2989:3)
    at Object.<anonymous> (/Users/user/Desktop/workspace/stanlab-backend/models/teacherStudentClass.js:12:13)
    at Module._compile (internal/modules/cjs/loader.js:1085:14)
    at Object.Module._extensions..js (internal/modules/cjs/loader.js:1114:10)
    at Module.load (internal/modules/cjs/loader.js:950:32)
    at Function.Module._load (internal/modules/cjs/loader.js:790:14)
    at Module.require (internal/modules/cjs/loader.js:974:19)
    at require (internal/modules/cjs/helpers.js:92:18)
    at Object.<anonymous> (/Users/user/Desktop/workspace/stanlab-backend/services/teacherClass/teacher-student.js:2:33)
    at Module._compile (internal/modules/cjs/loader.js:1085:14)
    at Object.Module._extensions..js (internal/modules/cjs/loader.js:1114:10)
    at Module.load (internal/modules/cjs/loader.js:950:32)
    at Function.Module._load (internal/modules/cjs/loader.js:790:14)
    at Module.require (internal/modules/cjs/loader.js:974:19)
    at require (internal/modules/cjs/helpers.js:92:18)
[23-Feb-2023 15:14:14:1414] [error]:    MongooseError: `Model.create()` cannot run without a model as `this`. Make sure you are not calling `new Model.create()`
[23-Feb-2023 15:14:14:1414] [error]:	    at _checkContext (/Users/user/Desktop/workspace/stanlab-backend/node_modules/mongoose/lib/model.js:1180:11)
[23-Feb-2023 15:14:14:1414] [error]:	    at new create (/Users/user/Desktop/workspace/stanlab-backend/node_modules/mongoose/lib/model.js:2989:3)
[23-Feb-2023 15:14:14:1414] [error]:	    at Object.<anonymous> (/Users/user/Desktop/workspace/stanlab-backend/models/teacherStudentClass.js:12:13)
[23-Feb-2023 15:14:14:1414] [error]:	    at Module._compile (internal/modules/cjs/loader.js:1085:14)
[23-Feb-2023 15:14:14:1414] [error]:	    at Object.Module._extensions..js (internal/modules/cjs/loader.js:1114:10)
[23-Feb-2023 15:14:14:1414] [error]:	    at Module.load (internal/modules/cjs/loader.js:950:32)
[23-Feb-2023 15:14:14:1414] [error]:	    at Function.Module._load (internal/modules/cjs/loader.js:790:14)
[23-Feb-2023 15:14:14:1414] [error]:	    at Module.require (internal/modules/cjs/loader.js:974:19)
[23-Feb-2023 15:14:14:1414] [error]:	    at require (internal/modules/cjs/helpers.js:92:18)
[23-Feb-2023 15:14:14:1414] [error]:	    at Object.<anonymous> (/Users/user/Desktop/workspace/stanlab-backend/services/teacherClass/teacher-student.js:2:33)
[23-Feb-2023 15:14:14:1414] [error]:	    at Module._compile (internal/modules/cjs/loader.js:1085:14)
[23-Feb-2023 15:14:14:1414] [error]:	    at Object.Module._extensions..js (internal/modules/cjs/loader.js:1114:10)
[23-Feb-2023 15:14:14:1414] [error]:	    at Module.load (internal/modules/cjs/loader.js:950:32)
[23-Feb-2023 15:14:14:1414] [error]:	    at Function.Module._load (internal/modules/cjs/loader.js:790:14)
[23-Feb-2023 15:14:14:1414] [error]:	    at Module.require (internal/modules/cjs/loader.js:974:19)
[23-Feb-2023 15:14:14:1414] [error]:	    at require (internal/modules/cjs/helpers.js:92:18)
[23-Feb-2023 15:14:22:1422] [error]: 	uncaughtException: `Model.create()` cannot run without a model as `this`. Make sure you are not calling `new Model.create()`
Mongoos
    at _checkContext (/Users/user/Desktop/workspace/stanlab-backend/node_modules/mongoose/lib/model.js:1180:11)
    at new create (/Users/user/Desktop/workspace/stanlab-backend/node_modules/mongoose/lib/model.js:2989:3)
    at Object.<anonymous> (/Users/user/Desktop/workspace/stanlab-backend/models/teacherStudentClass.js:12:13)
    at Module._compile (internal/modules/cjs/loader.js:1085:14)
    at Object.Module._extensions..js (internal/modules/cjs/loader.js:1114:10)
    at Module.load (internal/modules/cjs/loader.js:950:32)
    at Function.Module._load (internal/modules/cjs/loader.js:790:14)
    at Module.require (internal/modules/cjs/loader.js:974:19)
    at require (internal/modules/cjs/helpers.js:92:18)
    at Object.<anonymous> (/Users/user/Desktop/workspace/stanlab-backend/services/teacherClass/teacher-student.js:2:33)
    at Module._compile (internal/modules/cjs/loader.js:1085:14)
    at Object.Module._extensions..js (internal/modules/cjs/loader.js:1114:10)
    at Module.load (internal/modules/cjs/loader.js:950:32)
    at Function.Module._load (internal/modules/cjs/loader.js:790:14)
    at Module.require (internal/modules/cjs/loader.js:974:19)
    at require (internal/modules/cjs/helpers.js:92:18)
[23-Feb-2023 15:14:22:1422] [error]:    MongooseError: `Model.create()` cannot run without a model as `this`. Make sure you are not calling `new Model.create()`
[23-Feb-2023 15:14:22:1422] [error]:	    at _checkContext (/Users/user/Desktop/workspace/stanlab-backend/node_modules/mongoose/lib/model.js:1180:11)
[23-Feb-2023 15:14:22:1422] [error]:	    at new create (/Users/user/Desktop/workspace/stanlab-backend/node_modules/mongoose/lib/model.js:2989:3)
[23-Feb-2023 15:14:22:1422] [error]:	    at Object.<anonymous> (/Users/user/Desktop/workspace/stanlab-backend/models/teacherStudentClass.js:12:13)
[23-Feb-2023 15:14:22:1422] [error]:	    at Module._compile (internal/modules/cjs/loader.js:1085:14)
[23-Feb-2023 15:14:22:1422] [error]:	    at Object.Module._extensions..js (internal/modules/cjs/loader.js:1114:10)
[23-Feb-2023 15:14:22:1422] [error]:	    at Module.load (internal/modules/cjs/loader.js:950:32)
[23-Feb-2023 15:14:22:1422] [error]:	    at Function.Module._load (internal/modules/cjs/loader.js:790:14)
[23-Feb-2023 15:14:22:1422] [error]:	    at Module.require (internal/modules/cjs/loader.js:974:19)
[23-Feb-2023 15:14:22:1422] [error]:	    at require (internal/modules/cjs/helpers.js:92:18)
[23-Feb-2023 15:14:22:1422] [error]:	    at Object.<anonymous> (/Users/user/Desktop/workspace/stanlab-backend/services/teacherClass/teacher-student.js:2:33)
[23-Feb-2023 15:14:22:1422] [error]:	    at Module._compile (internal/modules/cjs/loader.js:1085:14)
[23-Feb-2023 15:14:22:1422] [error]:	    at Object.Module._extensions..js (internal/modules/cjs/loader.js:1114:10)
[23-Feb-2023 15:14:22:1422] [error]:	    at Module.load (internal/modules/cjs/loader.js:950:32)
[23-Feb-2023 15:14:22:1422] [error]:	    at Function.Module._load (internal/modules/cjs/loader.js:790:14)
[23-Feb-2023 15:14:22:1422] [error]:	    at Module.require (internal/modules/cjs/loader.js:974:19)
[23-Feb-2023 15:14:22:1422] [error]:	    at require (internal/modules/cjs/helpers.js:92:18)
[23-Feb-2023 15:14:37:1437] [error]: 	uncaughtException: `Model.create()` cannot run without a model as `this`. Make sure you are not calling `new Model.create()`
Mongoos
    at _checkContext (/Users/user/Desktop/workspace/stanlab-backend/node_modules/mongoose/lib/model.js:1180:11)
    at new create (/Users/user/Desktop/workspace/stanlab-backend/node_modules/mongoose/lib/model.js:2989:3)
    at Object.<anonymous> (/Users/user/Desktop/workspace/stanlab-backend/models/teacherStudentClass.js:12:13)
    at Module._compile (internal/modules/cjs/loader.js:1085:14)
    at Object.Module._extensions..js (internal/modules/cjs/loader.js:1114:10)
    at Module.load (internal/modules/cjs/loader.js:950:32)
    at Function.Module._load (internal/modules/cjs/loader.js:790:14)
    at Module.require (internal/modules/cjs/loader.js:974:19)
    at require (internal/modules/cjs/helpers.js:92:18)
    at Object.<anonymous> (/Users/user/Desktop/workspace/stanlab-backend/services/teacherClass/teacher-student.js:2:33)
    at Module._compile (internal/modules/cjs/loader.js:1085:14)
    at Object.Module._extensions..js (internal/modules/cjs/loader.js:1114:10)
    at Module.load (internal/modules/cjs/loader.js:950:32)
    at Function.Module._load (internal/modules/cjs/loader.js:790:14)
    at Module.require (internal/modules/cjs/loader.js:974:19)
    at require (internal/modules/cjs/helpers.js:92:18)
[23-Feb-2023 15:14:37:1437] [error]:    MongooseError: `Model.create()` cannot run without a model as `this`. Make sure you are not calling `new Model.create()`
[23-Feb-2023 15:14:37:1437] [error]:	    at _checkContext (/Users/user/Desktop/workspace/stanlab-backend/node_modules/mongoose/lib/model.js:1180:11)
[23-Feb-2023 15:14:37:1437] [error]:	    at new create (/Users/user/Desktop/workspace/stanlab-backend/node_modules/mongoose/lib/model.js:2989:3)
[23-Feb-2023 15:14:37:1437] [error]:	    at Object.<anonymous> (/Users/user/Desktop/workspace/stanlab-backend/models/teacherStudentClass.js:12:13)
[23-Feb-2023 15:14:37:1437] [error]:	    at Module._compile (internal/modules/cjs/loader.js:1085:14)
[23-Feb-2023 15:14:37:1437] [error]:	    at Object.Module._extensions..js (internal/modules/cjs/loader.js:1114:10)
[23-Feb-2023 15:14:37:1437] [error]:	    at Module.load (internal/modules/cjs/loader.js:950:32)
[23-Feb-2023 15:14:37:1437] [error]:	    at Function.Module._load (internal/modules/cjs/loader.js:790:14)
[23-Feb-2023 15:14:37:1437] [error]:	    at Module.require (internal/modules/cjs/loader.js:974:19)
[23-Feb-2023 15:14:37:1437] [error]:	    at require (internal/modules/cjs/helpers.js:92:18)
[23-Feb-2023 15:14:37:1437] [error]:	    at Object.<anonymous> (/Users/user/Desktop/workspace/stanlab-backend/services/teacherClass/teacher-student.js:2:33)
[23-Feb-2023 15:14:37:1437] [error]:	    at Module._compile (internal/modules/cjs/loader.js:1085:14)
[23-Feb-2023 15:14:37:1437] [error]:	    at Object.Module._extensions..js (internal/modules/cjs/loader.js:1114:10)
[23-Feb-2023 15:14:37:1437] [error]:	    at Module.load (internal/modules/cjs/loader.js:950:32)
[23-Feb-2023 15:14:37:1437] [error]:	    at Function.Module._load (internal/modules/cjs/loader.js:790:14)
[23-Feb-2023 15:14:37:1437] [error]:	    at Module.require (internal/modules/cjs/loader.js:974:19)
[23-Feb-2023 15:14:37:1437] [error]:	    at require (internal/modules/cjs/helpers.js:92:18)
[23-Feb-2023 15:15:01:151] [error]: 	uncaughtException: `Model.create()` cannot run without a model as `this`. Make sure you are not calling `new Model.create()`
Mongoos
    at _checkContext (/Users/user/Desktop/workspace/stanlab-backend/node_modules/mongoose/lib/model.js:1180:11)
    at new create (/Users/user/Desktop/workspace/stanlab-backend/node_modules/mongoose/lib/model.js:2989:3)
    at Object.<anonymous> (/Users/user/Desktop/workspace/stanlab-backend/models/teacherStudent.js:11:13)
    at Module._compile (internal/modules/cjs/loader.js:1085:14)
    at Object.Module._extensions..js (internal/modules/cjs/loader.js:1114:10)
    at Module.load (internal/modules/cjs/loader.js:950:32)
    at Function.Module._load (internal/modules/cjs/loader.js:790:14)
    at Module.require (internal/modules/cjs/loader.js:974:19)
    at require (internal/modules/cjs/helpers.js:92:18)
    at Object.<anonymous> (/Users/user/Desktop/workspace/stanlab-backend/services/teacherClass/teacher-student.js:1:28)
    at Module._compile (internal/modules/cjs/loader.js:1085:14)
    at Object.Module._extensions..js (internal/modules/cjs/loader.js:1114:10)
    at Module.load (internal/modules/cjs/loader.js:950:32)
    at Function.Module._load (internal/modules/cjs/loader.js:790:14)
    at Module.require (internal/modules/cjs/loader.js:974:19)
    at require (internal/modules/cjs/helpers.js:92:18)
[23-Feb-2023 15:15:01:151] [error]:    MongooseError: `Model.create()` cannot run without a model as `this`. Make sure you are not calling `new Model.create()`
[23-Feb-2023 15:15:01:151] [error]:	    at _checkContext (/Users/user/Desktop/workspace/stanlab-backend/node_modules/mongoose/lib/model.js:1180:11)
[23-Feb-2023 15:15:01:151] [error]:	    at new create (/Users/user/Desktop/workspace/stanlab-backend/node_modules/mongoose/lib/model.js:2989:3)
[23-Feb-2023 15:15:01:151] [error]:	    at Object.<anonymous> (/Users/user/Desktop/workspace/stanlab-backend/models/teacherStudent.js:11:13)
[23-Feb-2023 15:15:01:151] [error]:	    at Module._compile (internal/modules/cjs/loader.js:1085:14)
[23-Feb-2023 15:15:01:151] [error]:	    at Object.Module._extensions..js (internal/modules/cjs/loader.js:1114:10)
[23-Feb-2023 15:15:01:151] [error]:	    at Module.load (internal/modules/cjs/loader.js:950:32)
[23-Feb-2023 15:15:01:151] [error]:	    at Function.Module._load (internal/modules/cjs/loader.js:790:14)
[23-Feb-2023 15:15:01:151] [error]:	    at Module.require (internal/modules/cjs/loader.js:974:19)
[23-Feb-2023 15:15:01:151] [error]:	    at require (internal/modules/cjs/helpers.js:92:18)
[23-Feb-2023 15:15:01:151] [error]:	    at Object.<anonymous> (/Users/user/Desktop/workspace/stanlab-backend/services/teacherClass/teacher-student.js:1:28)
[23-Feb-2023 15:15:01:151] [error]:	    at Module._compile (internal/modules/cjs/loader.js:1085:14)
[23-Feb-2023 15:15:01:151] [error]:	    at Object.Module._extensions..js (internal/modules/cjs/loader.js:1114:10)
[23-Feb-2023 15:15:01:151] [error]:	    at Module.load (internal/modules/cjs/loader.js:950:32)
[23-Feb-2023 15:15:01:151] [error]:	    at Function.Module._load (internal/modules/cjs/loader.js:790:14)
[23-Feb-2023 15:15:01:151] [error]:	    at Module.require (internal/modules/cjs/loader.js:974:19)
[23-Feb-2023 15:15:01:151] [error]:	    at require (internal/modules/cjs/helpers.js:92:18)
[23-Feb-2023 15:17:18:1718] [error]: 	unhandledRejection: Cannot set headers after they are sent to the client
Error [
    at ServerResponse.setHeader (_http_outgoing.js:561:11)
    at ServerResponse.header (/Users/user/Desktop/workspace/stanlab-backend/node_modules/express/lib/response.js:771:10)
    at ServerResponse.send (/Users/user/Desktop/workspace/stanlab-backend/node_modules/express/lib/response.js:170:12)
    at ServerResponse.json (/Users/user/Desktop/workspace/stanlab-backend/node_modules/express/lib/response.js:267:15)
    at ServerErrorHandler (/Users/user/Desktop/workspace/stanlab-backend/services/response/serverResponse.js:18:22)
    at getStudents (/Users/user/Desktop/workspace/stanlab-backend/controllers/teachersController.js:321:9)
    at runMicrotasks (<anonymous>)
    at processTicksAndRejections (internal/process/task_queues.js:95:5)
[23-Feb-2023 15:17:18:1718] [error]:    Error [ERR_HTTP_HEADERS_SENT]: Cannot set headers after they are sent to the client
[23-Feb-2023 15:17:18:1718] [error]:	    at ServerResponse.setHeader (_http_outgoing.js:561:11)
[23-Feb-2023 15:17:18:1718] [error]:	    at ServerResponse.header (/Users/user/Desktop/workspace/stanlab-backend/node_modules/express/lib/response.js:771:10)
[23-Feb-2023 15:17:18:1718] [error]:	    at ServerResponse.send (/Users/user/Desktop/workspace/stanlab-backend/node_modules/express/lib/response.js:170:12)
[23-Feb-2023 15:17:18:1718] [error]:	    at ServerResponse.json (/Users/user/Desktop/workspace/stanlab-backend/node_modules/express/lib/response.js:267:15)
[23-Feb-2023 15:17:18:1718] [error]:	    at ServerErrorHandler (/Users/user/Desktop/workspace/stanlab-backend/services/response/serverResponse.js:18:22)
[23-Feb-2023 15:17:18:1718] [error]:	    at getStudents (/Users/user/Desktop/workspace/stanlab-backend/controllers/teachersController.js:321:9)
[23-Feb-2023 15:17:18:1718] [error]:	    at runMicrotasks (<anonymous>)
[23-Feb-2023 15:17:18:1718] [error]:	    at processTicksAndRejections (internal/process/task_queues.js:95:5)
[23-Feb-2023 15:18:54:1854] [error]: 	unhandledRejection: Cannot set headers after they are sent to the client
Error [
    at ServerResponse.setHeader (_http_outgoing.js:561:11)
    at ServerResponse.header (/Users/user/Desktop/workspace/stanlab-backend/node_modules/express/lib/response.js:771:10)
    at ServerResponse.send (/Users/user/Desktop/workspace/stanlab-backend/node_modules/express/lib/response.js:170:12)
    at ServerResponse.json (/Users/user/Desktop/workspace/stanlab-backend/node_modules/express/lib/response.js:267:15)
    at ServerErrorHandler (/Users/user/Desktop/workspace/stanlab-backend/services/response/serverResponse.js:18:22)
    at getStudents (/Users/user/Desktop/workspace/stanlab-backend/controllers/teachersController.js:321:9)
    at processTicksAndRejections (internal/process/task_queues.js:95:5)
[23-Feb-2023 15:18:54:1854] [error]:    Error [ERR_HTTP_HEADERS_SENT]: Cannot set headers after they are sent to the client
[23-Feb-2023 15:18:54:1854] [error]:	    at ServerResponse.setHeader (_http_outgoing.js:561:11)
[23-Feb-2023 15:18:54:1854] [error]:	    at ServerResponse.header (/Users/user/Desktop/workspace/stanlab-backend/node_modules/express/lib/response.js:771:10)
[23-Feb-2023 15:18:54:1854] [error]:	    at ServerResponse.send (/Users/user/Desktop/workspace/stanlab-backend/node_modules/express/lib/response.js:170:12)
[23-Feb-2023 15:18:54:1854] [error]:	    at ServerResponse.json (/Users/user/Desktop/workspace/stanlab-backend/node_modules/express/lib/response.js:267:15)
[23-Feb-2023 15:18:54:1854] [error]:	    at ServerErrorHandler (/Users/user/Desktop/workspace/stanlab-backend/services/response/serverResponse.js:18:22)
[23-Feb-2023 15:18:54:1854] [error]:	    at getStudents (/Users/user/Desktop/workspace/stanlab-backend/controllers/teachersController.js:321:9)
[23-Feb-2023 15:18:54:1854] [error]:	    at processTicksAndRejections (internal/process/task_queues.js:95:5)
[23-Feb-2023 15:29:15:2915] [error]: 	unhandledRejection: student.generateAuthToken is not a function
TypeErr
    at createStudent (/Users/user/Desktop/workspace/stanlab-backend/controllers/studentsController.js:91:27)
[23-Feb-2023 15:29:15:2915] [error]:    TypeError: student.generateAuthToken is not a function
[23-Feb-2023 15:29:15:2915] [error]:	    at createStudent (/Users/user/Desktop/workspace/stanlab-backend/controllers/studentsController.js:91:27)
[23-Feb-2023 15:32:21:3221] [error]: 	unhandledRejection: 
Error: Email already registered
    at createStudent (/Users/user/Desktop/workspace/stanlab-backend/controllers/studentsController.js:78:15)
    at processTicksAndRejections (internal/process/task_queues.js:95:5)
[23-Feb-2023 15:32:21:3221] [error]:    Error: Email already registered
[23-Feb-2023 15:32:21:3221] [error]:	    at createStudent (/Users/user/Desktop/workspace/stanlab-backend/controllers/studentsController.js:78:15)
[23-Feb-2023 15:32:21:3221] [error]:	    at processTicksAndRejections (internal/process/task_queues.js:95:5)
[23-Feb-2023 15:49:49:4949] [error]: 	uncaughtException: `Model.create()` cannot run without a model as `this`. Make sure you are not calling `new Model.create()`
Mongoos
    at _checkContext (/Users/user/Desktop/workspace/stanlab-backend/node_modules/mongoose/lib/model.js:1180:11)
    at new create (/Users/user/Desktop/workspace/stanlab-backend/node_modules/mongoose/lib/model.js:2989:3)
    at Object.<anonymous> (/Users/user/Desktop/workspace/stanlab-backend/models/question.js:44:13)
    at Module._compile (internal/modules/cjs/loader.js:1085:14)
    at Object.Module._extensions..js (internal/modules/cjs/loader.js:1114:10)
    at Module.load (internal/modules/cjs/loader.js:950:32)
    at Function.Module._load (internal/modules/cjs/loader.js:790:14)
    at Module.require (internal/modules/cjs/loader.js:974:19)
    at require (internal/modules/cjs/helpers.js:92:18)
    at Object.<anonymous> (/Users/user/Desktop/workspace/stanlab-backend/controllers/questionsController.js:1:40)
    at Module._compile (internal/modules/cjs/loader.js:1085:14)
    at Object.Module._extensions..js (internal/modules/cjs/loader.js:1114:10)
    at Module.load (internal/modules/cjs/loader.js:950:32)
    at Function.Module._load (internal/modules/cjs/loader.js:790:14)
    at Module.require (internal/modules/cjs/loader.js:974:19)
    at require (internal/modules/cjs/helpers.js:92:18)
[23-Feb-2023 15:49:49:4949] [error]:    MongooseError: `Model.create()` cannot run without a model as `this`. Make sure you are not calling `new Model.create()`
[23-Feb-2023 15:49:49:4949] [error]:	    at _checkContext (/Users/user/Desktop/workspace/stanlab-backend/node_modules/mongoose/lib/model.js:1180:11)
[23-Feb-2023 15:49:49:4949] [error]:	    at new create (/Users/user/Desktop/workspace/stanlab-backend/node_modules/mongoose/lib/model.js:2989:3)
[23-Feb-2023 15:49:49:4949] [error]:	    at Object.<anonymous> (/Users/user/Desktop/workspace/stanlab-backend/models/question.js:44:13)
[23-Feb-2023 15:49:49:4949] [error]:	    at Module._compile (internal/modules/cjs/loader.js:1085:14)
[23-Feb-2023 15:49:49:4949] [error]:	    at Object.Module._extensions..js (internal/modules/cjs/loader.js:1114:10)
[23-Feb-2023 15:49:49:4949] [error]:	    at Module.load (internal/modules/cjs/loader.js:950:32)
[23-Feb-2023 15:49:49:4949] [error]:	    at Function.Module._load (internal/modules/cjs/loader.js:790:14)
[23-Feb-2023 15:49:49:4949] [error]:	    at Module.require (internal/modules/cjs/loader.js:974:19)
[23-Feb-2023 15:49:49:4949] [error]:	    at require (internal/modules/cjs/helpers.js:92:18)
[23-Feb-2023 15:49:49:4949] [error]:	    at Object.<anonymous> (/Users/user/Desktop/workspace/stanlab-backend/controllers/questionsController.js:1:40)
[23-Feb-2023 15:49:49:4949] [error]:	    at Module._compile (internal/modules/cjs/loader.js:1085:14)
[23-Feb-2023 15:49:49:4949] [error]:	    at Object.Module._extensions..js (internal/modules/cjs/loader.js:1114:10)
[23-Feb-2023 15:49:49:4949] [error]:	    at Module.load (internal/modules/cjs/loader.js:950:32)
[23-Feb-2023 15:49:49:4949] [error]:	    at Function.Module._load (internal/modules/cjs/loader.js:790:14)
[23-Feb-2023 15:49:49:4949] [error]:	    at Module.require (internal/modules/cjs/loader.js:974:19)
[23-Feb-2023 15:49:49:4949] [error]:	    at require (internal/modules/cjs/helpers.js:92:18)
[23-Feb-2023 15:49:59:4959] [error]: 	uncaughtException: `Model.create()` cannot run without a model as `this`. Make sure you are not calling `new Model.create()`
Mongoos
    at _checkContext (/Users/user/Desktop/workspace/stanlab-backend/node_modules/mongoose/lib/model.js:1180:11)
    at new create (/Users/user/Desktop/workspace/stanlab-backend/node_modules/mongoose/lib/model.js:2989:3)
    at Object.<anonymous> (/Users/user/Desktop/workspace/stanlab-backend/models/question.js:44:13)
    at Module._compile (internal/modules/cjs/loader.js:1085:14)
    at Object.Module._extensions..js (internal/modules/cjs/loader.js:1114:10)
    at Module.load (internal/modules/cjs/loader.js:950:32)
    at Function.Module._load (internal/modules/cjs/loader.js:790:14)
    at Module.require (internal/modules/cjs/loader.js:974:19)
    at require (internal/modules/cjs/helpers.js:92:18)
    at Object.<anonymous> (/Users/user/Desktop/workspace/stanlab-backend/controllers/questionsController.js:1:40)
    at Module._compile (internal/modules/cjs/loader.js:1085:14)
    at Object.Module._extensions..js (internal/modules/cjs/loader.js:1114:10)
    at Module.load (internal/modules/cjs/loader.js:950:32)
    at Function.Module._load (internal/modules/cjs/loader.js:790:14)
    at Module.require (internal/modules/cjs/loader.js:974:19)
    at require (internal/modules/cjs/helpers.js:92:18)
[23-Feb-2023 15:49:59:4959] [error]:    MongooseError: `Model.create()` cannot run without a model as `this`. Make sure you are not calling `new Model.create()`
[23-Feb-2023 15:49:59:4959] [error]:	    at _checkContext (/Users/user/Desktop/workspace/stanlab-backend/node_modules/mongoose/lib/model.js:1180:11)
[23-Feb-2023 15:49:59:4959] [error]:	    at new create (/Users/user/Desktop/workspace/stanlab-backend/node_modules/mongoose/lib/model.js:2989:3)
[23-Feb-2023 15:49:59:4959] [error]:	    at Object.<anonymous> (/Users/user/Desktop/workspace/stanlab-backend/models/question.js:44:13)
[23-Feb-2023 15:49:59:4959] [error]:	    at Module._compile (internal/modules/cjs/loader.js:1085:14)
[23-Feb-2023 15:49:59:4959] [error]:	    at Object.Module._extensions..js (internal/modules/cjs/loader.js:1114:10)
[23-Feb-2023 15:49:59:4959] [error]:	    at Module.load (internal/modules/cjs/loader.js:950:32)
[23-Feb-2023 15:49:59:4959] [error]:	    at Function.Module._load (internal/modules/cjs/loader.js:790:14)
[23-Feb-2023 15:49:59:4959] [error]:	    at Module.require (internal/modules/cjs/loader.js:974:19)
[23-Feb-2023 15:49:59:4959] [error]:	    at require (internal/modules/cjs/helpers.js:92:18)
[23-Feb-2023 15:49:59:4959] [error]:	    at Object.<anonymous> (/Users/user/Desktop/workspace/stanlab-backend/controllers/questionsController.js:1:40)
[23-Feb-2023 15:49:59:4959] [error]:	    at Module._compile (internal/modules/cjs/loader.js:1085:14)
[23-Feb-2023 15:49:59:4959] [error]:	    at Object.Module._extensions..js (internal/modules/cjs/loader.js:1114:10)
[23-Feb-2023 15:49:59:4959] [error]:	    at Module.load (internal/modules/cjs/loader.js:950:32)
[23-Feb-2023 15:49:59:4959] [error]:	    at Function.Module._load (internal/modules/cjs/loader.js:790:14)
[23-Feb-2023 15:49:59:4959] [error]:	    at Module.require (internal/modules/cjs/loader.js:974:19)
[23-Feb-2023 15:49:59:4959] [error]:	    at require (internal/modules/cjs/helpers.js:92:18)
[23-Feb-2023 15:51:14:5114] [error]: 	uncaughtException: Question.creat is not a constructor
TypeErr
    at Object.<anonymous> (/Users/user/Desktop/workspace/stanlab-backend/models/question.js:43:12)
    at Module._compile (internal/modules/cjs/loader.js:1085:14)
    at Object.Module._extensions..js (internal/modules/cjs/loader.js:1114:10)
    at Module.load (internal/modules/cjs/loader.js:950:32)
    at Function.Module._load (internal/modules/cjs/loader.js:790:14)
    at Module.require (internal/modules/cjs/loader.js:974:19)
    at require (internal/modules/cjs/helpers.js:92:18)
    at Object.<anonymous> (/Users/user/Desktop/workspace/stanlab-backend/controllers/questionsController.js:1:40)
    at Module._compile (internal/modules/cjs/loader.js:1085:14)
    at Object.Module._extensions..js (internal/modules/cjs/loader.js:1114:10)
    at Module.load (internal/modules/cjs/loader.js:950:32)
    at Function.Module._load (internal/modules/cjs/loader.js:790:14)
    at Module.require (internal/modules/cjs/loader.js:974:19)
    at require (internal/modules/cjs/helpers.js:92:18)
    at Object.<anonymous> (/Users/user/Desktop/workspace/stanlab-backend/routes/questions.js:3:29)
    at Module._compile (internal/modules/cjs/loader.js:1085:14)
[23-Feb-2023 15:51:14:5114] [error]:    TypeError: Question.creat is not a constructor
[23-Feb-2023 15:51:14:5114] [error]:	    at Object.<anonymous> (/Users/user/Desktop/workspace/stanlab-backend/models/question.js:43:12)
[23-Feb-2023 15:51:14:5114] [error]:	    at Module._compile (internal/modules/cjs/loader.js:1085:14)
[23-Feb-2023 15:51:14:5114] [error]:	    at Object.Module._extensions..js (internal/modules/cjs/loader.js:1114:10)
[23-Feb-2023 15:51:14:5114] [error]:	    at Module.load (internal/modules/cjs/loader.js:950:32)
[23-Feb-2023 15:51:14:5114] [error]:	    at Function.Module._load (internal/modules/cjs/loader.js:790:14)
[23-Feb-2023 15:51:14:5114] [error]:	    at Module.require (internal/modules/cjs/loader.js:974:19)
[23-Feb-2023 15:51:14:5114] [error]:	    at require (internal/modules/cjs/helpers.js:92:18)
[23-Feb-2023 15:51:14:5114] [error]:	    at Object.<anonymous> (/Users/user/Desktop/workspace/stanlab-backend/controllers/questionsController.js:1:40)
[23-Feb-2023 15:51:14:5114] [error]:	    at Module._compile (internal/modules/cjs/loader.js:1085:14)
[23-Feb-2023 15:51:14:5114] [error]:	    at Object.Module._extensions..js (internal/modules/cjs/loader.js:1114:10)
[23-Feb-2023 15:51:14:5114] [error]:	    at Module.load (internal/modules/cjs/loader.js:950:32)
[23-Feb-2023 15:51:14:5114] [error]:	    at Function.Module._load (internal/modules/cjs/loader.js:790:14)
[23-Feb-2023 15:51:14:5114] [error]:	    at Module.require (internal/modules/cjs/loader.js:974:19)
[23-Feb-2023 15:51:14:5114] [error]:	    at require (internal/modules/cjs/helpers.js:92:18)
[23-Feb-2023 15:51:14:5114] [error]:	    at Object.<anonymous> (/Users/user/Desktop/workspace/stanlab-backend/routes/questions.js:3:29)
[23-Feb-2023 15:51:14:5114] [error]:	    at Module._compile (internal/modules/cjs/loader.js:1085:14)
[23-Feb-2023 15:51:26:5126] [error]: 	uncaughtException: `Model.create()` cannot run without a model as `this`. Make sure you are not calling `new Model.create()`
Mongoos
    at _checkContext (/Users/user/Desktop/workspace/stanlab-backend/node_modules/mongoose/lib/model.js:1180:11)
    at new create (/Users/user/Desktop/workspace/stanlab-backend/node_modules/mongoose/lib/model.js:2989:3)
    at Object.<anonymous> (/Users/user/Desktop/workspace/stanlab-backend/models/question.js:43:12)
    at Module._compile (internal/modules/cjs/loader.js:1085:14)
    at Object.Module._extensions..js (internal/modules/cjs/loader.js:1114:10)
    at Module.load (internal/modules/cjs/loader.js:950:32)
    at Function.Module._load (internal/modules/cjs/loader.js:790:14)
    at Module.require (internal/modules/cjs/loader.js:974:19)
    at require (internal/modules/cjs/helpers.js:92:18)
    at Object.<anonymous> (/Users/user/Desktop/workspace/stanlab-backend/controllers/questionsController.js:1:40)
    at Module._compile (internal/modules/cjs/loader.js:1085:14)
    at Object.Module._extensions..js (internal/modules/cjs/loader.js:1114:10)
    at Module.load (internal/modules/cjs/loader.js:950:32)
    at Function.Module._load (internal/modules/cjs/loader.js:790:14)
    at Module.require (internal/modules/cjs/loader.js:974:19)
    at require (internal/modules/cjs/helpers.js:92:18)
[23-Feb-2023 15:51:26:5126] [error]:    MongooseError: `Model.create()` cannot run without a model as `this`. Make sure you are not calling `new Model.create()`
[23-Feb-2023 15:51:26:5126] [error]:	    at _checkContext (/Users/user/Desktop/workspace/stanlab-backend/node_modules/mongoose/lib/model.js:1180:11)
[23-Feb-2023 15:51:26:5126] [error]:	    at new create (/Users/user/Desktop/workspace/stanlab-backend/node_modules/mongoose/lib/model.js:2989:3)
[23-Feb-2023 15:51:26:5126] [error]:	    at Object.<anonymous> (/Users/user/Desktop/workspace/stanlab-backend/models/question.js:43:12)
[23-Feb-2023 15:51:26:5126] [error]:	    at Module._compile (internal/modules/cjs/loader.js:1085:14)
[23-Feb-2023 15:51:26:5126] [error]:	    at Object.Module._extensions..js (internal/modules/cjs/loader.js:1114:10)
[23-Feb-2023 15:51:26:5126] [error]:	    at Module.load (internal/modules/cjs/loader.js:950:32)
[23-Feb-2023 15:51:26:5126] [error]:	    at Function.Module._load (internal/modules/cjs/loader.js:790:14)
[23-Feb-2023 15:51:26:5126] [error]:	    at Module.require (internal/modules/cjs/loader.js:974:19)
[23-Feb-2023 15:51:26:5126] [error]:	    at require (internal/modules/cjs/helpers.js:92:18)
[23-Feb-2023 15:51:26:5126] [error]:	    at Object.<anonymous> (/Users/user/Desktop/workspace/stanlab-backend/controllers/questionsController.js:1:40)
[23-Feb-2023 15:51:26:5126] [error]:	    at Module._compile (internal/modules/cjs/loader.js:1085:14)
[23-Feb-2023 15:51:26:5126] [error]:	    at Object.Module._extensions..js (internal/modules/cjs/loader.js:1114:10)
[23-Feb-2023 15:51:26:5126] [error]:	    at Module.load (internal/modules/cjs/loader.js:950:32)
[23-Feb-2023 15:51:26:5126] [error]:	    at Function.Module._load (internal/modules/cjs/loader.js:790:14)
[23-Feb-2023 15:51:26:5126] [error]:	    at Module.require (internal/modules/cjs/loader.js:974:19)
[23-Feb-2023 15:51:26:5126] [error]:	    at require (internal/modules/cjs/helpers.js:92:18)
[23-Feb-2023 15:52:04:524] [error]: 	uncaughtException: `Model.create()` cannot run without a model as `this`. Make sure you are not calling `new Model.create()`
Mongoos
    at _checkContext (/Users/user/Desktop/workspace/stanlab-backend/node_modules/mongoose/lib/model.js:1180:11)
    at new create (/Users/user/Desktop/workspace/stanlab-backend/node_modules/mongoose/lib/model.js:2989:3)
    at Object.<anonymous> (/Users/user/Desktop/workspace/stanlab-backend/models/question.js:43:12)
    at Module._compile (internal/modules/cjs/loader.js:1085:14)
    at Object.Module._extensions..js (internal/modules/cjs/loader.js:1114:10)
    at Module.load (internal/modules/cjs/loader.js:950:32)
    at Function.Module._load (internal/modules/cjs/loader.js:790:14)
    at Module.require (internal/modules/cjs/loader.js:974:19)
    at require (internal/modules/cjs/helpers.js:92:18)
    at Object.<anonymous> (/Users/user/Desktop/workspace/stanlab-backend/controllers/questionsController.js:1:40)
    at Module._compile (internal/modules/cjs/loader.js:1085:14)
    at Object.Module._extensions..js (internal/modules/cjs/loader.js:1114:10)
    at Module.load (internal/modules/cjs/loader.js:950:32)
    at Function.Module._load (internal/modules/cjs/loader.js:790:14)
    at Module.require (internal/modules/cjs/loader.js:974:19)
    at require (internal/modules/cjs/helpers.js:92:18)
[23-Feb-2023 15:52:04:524] [error]:    MongooseError: `Model.create()` cannot run without a model as `this`. Make sure you are not calling `new Model.create()`
[23-Feb-2023 15:52:04:524] [error]:	    at _checkContext (/Users/user/Desktop/workspace/stanlab-backend/node_modules/mongoose/lib/model.js:1180:11)
[23-Feb-2023 15:52:04:524] [error]:	    at new create (/Users/user/Desktop/workspace/stanlab-backend/node_modules/mongoose/lib/model.js:2989:3)
[23-Feb-2023 15:52:04:524] [error]:	    at Object.<anonymous> (/Users/user/Desktop/workspace/stanlab-backend/models/question.js:43:12)
[23-Feb-2023 15:52:04:524] [error]:	    at Module._compile (internal/modules/cjs/loader.js:1085:14)
[23-Feb-2023 15:52:04:524] [error]:	    at Object.Module._extensions..js (internal/modules/cjs/loader.js:1114:10)
[23-Feb-2023 15:52:04:524] [error]:	    at Module.load (internal/modules/cjs/loader.js:950:32)
[23-Feb-2023 15:52:04:524] [error]:	    at Function.Module._load (internal/modules/cjs/loader.js:790:14)
[23-Feb-2023 15:52:04:524] [error]:	    at Module.require (internal/modules/cjs/loader.js:974:19)
[23-Feb-2023 15:52:04:524] [error]:	    at require (internal/modules/cjs/helpers.js:92:18)
[23-Feb-2023 15:52:04:524] [error]:	    at Object.<anonymous> (/Users/user/Desktop/workspace/stanlab-backend/controllers/questionsController.js:1:40)
[23-Feb-2023 15:52:04:524] [error]:	    at Module._compile (internal/modules/cjs/loader.js:1085:14)
[23-Feb-2023 15:52:04:524] [error]:	    at Object.Module._extensions..js (internal/modules/cjs/loader.js:1114:10)
[23-Feb-2023 15:52:04:524] [error]:	    at Module.load (internal/modules/cjs/loader.js:950:32)
[23-Feb-2023 15:52:04:524] [error]:	    at Function.Module._load (internal/modules/cjs/loader.js:790:14)
[23-Feb-2023 15:52:04:524] [error]:	    at Module.require (internal/modules/cjs/loader.js:974:19)
[23-Feb-2023 15:52:04:524] [error]:	    at require (internal/modules/cjs/helpers.js:92:18)
[23-Feb-2023 15:52:34:5234] [error]: 	uncaughtException: `Model.create()` cannot run without a model as `this`. Make sure you are not calling `new Model.create()`
Mongoos
    at _checkContext (/Users/user/Desktop/workspace/stanlab-backend/node_modules/mongoose/lib/model.js:1180:11)
    at new create (/Users/user/Desktop/workspace/stanlab-backend/node_modules/mongoose/lib/model.js:2989:3)
    at Object.<anonymous> (/Users/user/Desktop/workspace/stanlab-backend/models/student.js:239:12)
    at Module._compile (internal/modules/cjs/loader.js:1085:14)
    at Object.Module._extensions..js (internal/modules/cjs/loader.js:1114:10)
    at Module.load (internal/modules/cjs/loader.js:950:32)
    at Function.Module._load (internal/modules/cjs/loader.js:790:14)
    at Module.require (internal/modules/cjs/loader.js:974:19)
    at require (internal/modules/cjs/helpers.js:92:18)
    at Object.<anonymous> (/Users/user/Desktop/workspace/stanlab-backend/controllers/teachersController.js:7:21)
    at Module._compile (internal/modules/cjs/loader.js:1085:14)
    at Object.Module._extensions..js (internal/modules/cjs/loader.js:1114:10)
    at Module.load (internal/modules/cjs/loader.js:950:32)
    at Function.Module._load (internal/modules/cjs/loader.js:790:14)
    at Module.require (internal/modules/cjs/loader.js:974:19)
    at require (internal/modules/cjs/helpers.js:92:18)
[23-Feb-2023 15:52:34:5234] [error]:    MongooseError: `Model.create()` cannot run without a model as `this`. Make sure you are not calling `new Model.create()`
[23-Feb-2023 15:52:34:5234] [error]:	    at _checkContext (/Users/user/Desktop/workspace/stanlab-backend/node_modules/mongoose/lib/model.js:1180:11)
[23-Feb-2023 15:52:34:5234] [error]:	    at new create (/Users/user/Desktop/workspace/stanlab-backend/node_modules/mongoose/lib/model.js:2989:3)
[23-Feb-2023 15:52:34:5234] [error]:	    at Object.<anonymous> (/Users/user/Desktop/workspace/stanlab-backend/models/student.js:239:12)
[23-Feb-2023 15:52:34:5234] [error]:	    at Module._compile (internal/modules/cjs/loader.js:1085:14)
[23-Feb-2023 15:52:34:5234] [error]:	    at Object.Module._extensions..js (internal/modules/cjs/loader.js:1114:10)
[23-Feb-2023 15:52:34:5234] [error]:	    at Module.load (internal/modules/cjs/loader.js:950:32)
[23-Feb-2023 15:52:34:5234] [error]:	    at Function.Module._load (internal/modules/cjs/loader.js:790:14)
[23-Feb-2023 15:52:34:5234] [error]:	    at Module.require (internal/modules/cjs/loader.js:974:19)
[23-Feb-2023 15:52:34:5234] [error]:	    at require (internal/modules/cjs/helpers.js:92:18)
[23-Feb-2023 15:52:34:5234] [error]:	    at Object.<anonymous> (/Users/user/Desktop/workspace/stanlab-backend/controllers/teachersController.js:7:21)
[23-Feb-2023 15:52:34:5234] [error]:	    at Module._compile (internal/modules/cjs/loader.js:1085:14)
[23-Feb-2023 15:52:34:5234] [error]:	    at Object.Module._extensions..js (internal/modules/cjs/loader.js:1114:10)
[23-Feb-2023 15:52:34:5234] [error]:	    at Module.load (internal/modules/cjs/loader.js:950:32)
[23-Feb-2023 15:52:34:5234] [error]:	    at Function.Module._load (internal/modules/cjs/loader.js:790:14)
[23-Feb-2023 15:52:34:5234] [error]:	    at Module.require (internal/modules/cjs/loader.js:974:19)
[23-Feb-2023 15:52:34:5234] [error]:	    at require (internal/modules/cjs/helpers.js:92:18)
[23-Feb-2023 21:50:52:5052] [error]: 	uncaughtException: 
Require stack:
- /Users/user/Desktop/workspace/stanlab-backend/utils/cloudinary.js
- /Users/user/Desktop/workspace/stanlab-backend/controllers/questionsController.js
- /Users/user/Desktop/workspace/stanlab-backend/routes/questions.js
- /Users/user/Desktop/workspace/stanlab-backend/app.js
- /Users/user/Desktop/workspace/stanlab-backend/index.js
Error: Cannot find module 'config'
Require stack:
- /Users/user/Desktop/workspace/stanlab-backend/utils/cloudinary.js
- /Users/user/Desktop/workspace/stanlab-backend/controllers/questionsController.js
- /Users/user/Desktop/workspace/stanlab-backend/routes/questions.js
- /Users/user/Desktop/workspace/stanlab-backend/app.js
- /Users/user/Desktop/workspace/stanlab-backend/index.js
    at Function.Module._resolveFilename (internal/modules/cjs/loader.js:902:15)
    at Function.Module._load (internal/modules/cjs/loader.js:746:27)
    at Module.require (internal/modules/cjs/loader.js:974:19)
    at require (internal/modules/cjs/helpers.js:92:18)
    at Object.<anonymous> (/Users/user/Desktop/workspace/stanlab-backend/utils/cloudinary.js:1:16)
    at Module._compile (internal/modules/cjs/loader.js:1085:14)
    at Object.Module._extensions..js (internal/modules/cjs/loader.js:1114:10)
    at Module.load (internal/modules/cjs/loader.js:950:32)
    at Function.Module._load (internal/modules/cjs/loader.js:790:14)
    at Module.require (internal/modules/cjs/loader.js:974:19)
    at require (internal/modules/cjs/helpers.js:92:18)
    at Object.<anonymous> (/Users/user/Desktop/workspace/stanlab-backend/controllers/questionsController.js:4:24)
    at Module._compile (internal/modules/cjs/loader.js:1085:14)
    at Object.Module._extensions..js (internal/modules/cjs/loader.js:1114:10)
    at Module.load (internal/modules/cjs/loader.js:950:32)
    at Function.Module._load (internal/modules/cjs/loader.js:790:14)
[23-Feb-2023 21:50:52:5052] [error]:    Error: Cannot find module 'config'
[23-Feb-2023 21:50:52:5052] [error]:	Require stack:
[23-Feb-2023 21:50:52:5052] [error]:	- /Users/user/Desktop/workspace/stanlab-backend/utils/cloudinary.js
[23-Feb-2023 21:50:52:5052] [error]:	- /Users/user/Desktop/workspace/stanlab-backend/controllers/questionsController.js
[23-Feb-2023 21:50:52:5052] [error]:	- /Users/user/Desktop/workspace/stanlab-backend/routes/questions.js
[23-Feb-2023 21:50:52:5052] [error]:	- /Users/user/Desktop/workspace/stanlab-backend/app.js
[23-Feb-2023 21:50:52:5052] [error]:	- /Users/user/Desktop/workspace/stanlab-backend/index.js
[23-Feb-2023 21:50:52:5052] [error]:	    at Function.Module._resolveFilename (internal/modules/cjs/loader.js:902:15)
[23-Feb-2023 21:50:52:5052] [error]:	    at Function.Module._load (internal/modules/cjs/loader.js:746:27)
[23-Feb-2023 21:50:52:5052] [error]:	    at Module.require (internal/modules/cjs/loader.js:974:19)
[23-Feb-2023 21:50:52:5052] [error]:	    at require (internal/modules/cjs/helpers.js:92:18)
[23-Feb-2023 21:50:52:5052] [error]:	    at Object.<anonymous> (/Users/user/Desktop/workspace/stanlab-backend/utils/cloudinary.js:1:16)
[23-Feb-2023 21:50:52:5052] [error]:	    at Module._compile (internal/modules/cjs/loader.js:1085:14)
[23-Feb-2023 21:50:52:5052] [error]:	    at Object.Module._extensions..js (internal/modules/cjs/loader.js:1114:10)
[23-Feb-2023 21:50:52:5052] [error]:	    at Module.load (internal/modules/cjs/loader.js:950:32)
[23-Feb-2023 21:50:52:5052] [error]:	    at Function.Module._load (internal/modules/cjs/loader.js:790:14)
[23-Feb-2023 21:50:52:5052] [error]:	    at Module.require (internal/modules/cjs/loader.js:974:19)
[23-Feb-2023 21:50:52:5052] [error]:	    at require (internal/modules/cjs/helpers.js:92:18)
[23-Feb-2023 21:50:52:5052] [error]:	    at Object.<anonymous> (/Users/user/Desktop/workspace/stanlab-backend/controllers/questionsController.js:4:24)
[23-Feb-2023 21:50:52:5052] [error]:	    at Module._compile (internal/modules/cjs/loader.js:1085:14)
[23-Feb-2023 21:50:52:5052] [error]:	    at Object.Module._extensions..js (internal/modules/cjs/loader.js:1114:10)
[23-Feb-2023 21:50:52:5052] [error]:	    at Module.load (internal/modules/cjs/loader.js:950:32)
[23-Feb-2023 21:50:52:5052] [error]:	    at Function.Module._load (internal/modules/cjs/loader.js:790:14)
[23-Feb-2023 21:58:18:5818] [error]: 	uncaughtException: 
Require stack:
- /Users/user/Desktop/workspace/stanlab-backend/controllers/labSetupController.js
- /Users/user/Desktop/workspace/stanlab-backend/routes/lapSetup.js
- /Users/user/Desktop/workspace/stanlab-backend/app.js
- /Users/user/Desktop/workspace/stanlab-backend/index.js
Error: Cannot find module 'config'
Require stack:
- /Users/user/Desktop/workspace/stanlab-backend/controllers/labSetupController.js
- /Users/user/Desktop/workspace/stanlab-backend/routes/lapSetup.js
- /Users/user/Desktop/workspace/stanlab-backend/app.js
- /Users/user/Desktop/workspace/stanlab-backend/index.js
    at Function.Module._resolveFilename (internal/modules/cjs/loader.js:902:15)
    at Function.Module._load (internal/modules/cjs/loader.js:746:27)
    at Module.require (internal/modules/cjs/loader.js:974:19)
    at require (internal/modules/cjs/helpers.js:92:18)
    at Object.<anonymous> (/Users/user/Desktop/workspace/stanlab-backend/controllers/labSetupController.js:1:16)
    at Module._compile (internal/modules/cjs/loader.js:1085:14)
    at Object.Module._extensions..js (internal/modules/cjs/loader.js:1114:10)
    at Module.load (internal/modules/cjs/loader.js:950:32)
    at Function.Module._load (internal/modules/cjs/loader.js:790:14)
    at Module.require (internal/modules/cjs/loader.js:974:19)
    at require (internal/modules/cjs/helpers.js:92:18)
    at Object.<anonymous> (/Users/user/Desktop/workspace/stanlab-backend/routes/lapSetup.js:4:28)
    at Module._compile (internal/modules/cjs/loader.js:1085:14)
    at Object.Module._extensions..js (internal/modules/cjs/loader.js:1114:10)
    at Module.load (internal/modules/cjs/loader.js:950:32)
    at Function.Module._load (internal/modules/cjs/loader.js:790:14)
[23-Feb-2023 21:58:18:5818] [error]:    Error: Cannot find module 'config'
[23-Feb-2023 21:58:18:5818] [error]:	Require stack:
[23-Feb-2023 21:58:18:5818] [error]:	- /Users/user/Desktop/workspace/stanlab-backend/controllers/labSetupController.js
[23-Feb-2023 21:58:18:5818] [error]:	- /Users/user/Desktop/workspace/stanlab-backend/routes/lapSetup.js
[23-Feb-2023 21:58:18:5818] [error]:	- /Users/user/Desktop/workspace/stanlab-backend/app.js
[23-Feb-2023 21:58:18:5818] [error]:	- /Users/user/Desktop/workspace/stanlab-backend/index.js
[23-Feb-2023 21:58:18:5818] [error]:	    at Function.Module._resolveFilename (internal/modules/cjs/loader.js:902:15)
[23-Feb-2023 21:58:18:5818] [error]:	    at Function.Module._load (internal/modules/cjs/loader.js:746:27)
[23-Feb-2023 21:58:18:5818] [error]:	    at Module.require (internal/modules/cjs/loader.js:974:19)
[23-Feb-2023 21:58:18:5818] [error]:	    at require (internal/modules/cjs/helpers.js:92:18)
[23-Feb-2023 21:58:18:5818] [error]:	    at Object.<anonymous> (/Users/user/Desktop/workspace/stanlab-backend/controllers/labSetupController.js:1:16)
[23-Feb-2023 21:58:18:5818] [error]:	    at Module._compile (internal/modules/cjs/loader.js:1085:14)
[23-Feb-2023 21:58:18:5818] [error]:	    at Object.Module._extensions..js (internal/modules/cjs/loader.js:1114:10)
[23-Feb-2023 21:58:18:5818] [error]:	    at Module.load (internal/modules/cjs/loader.js:950:32)
[23-Feb-2023 21:58:18:5818] [error]:	    at Function.Module._load (internal/modules/cjs/loader.js:790:14)
[23-Feb-2023 21:58:18:5818] [error]:	    at Module.require (internal/modules/cjs/loader.js:974:19)
[23-Feb-2023 21:58:18:5818] [error]:	    at require (internal/modules/cjs/helpers.js:92:18)
[23-Feb-2023 21:58:18:5818] [error]:	    at Object.<anonymous> (/Users/user/Desktop/workspace/stanlab-backend/routes/lapSetup.js:4:28)
[23-Feb-2023 21:58:18:5818] [error]:	    at Module._compile (internal/modules/cjs/loader.js:1085:14)
[23-Feb-2023 21:58:18:5818] [error]:	    at Object.Module._extensions..js (internal/modules/cjs/loader.js:1114:10)
[23-Feb-2023 21:58:18:5818] [error]:	    at Module.load (internal/modules/cjs/loader.js:950:32)
[23-Feb-2023 21:58:18:5818] [error]:	    at Function.Module._load (internal/modules/cjs/loader.js:790:14)
